2026-04-20 01:20:57,283 [INFO] Activator:176 - 


2026-04-20 01:20:57,289 [INFO] Activator:177 - !SESSION log4j initialized
2026-04-20 01:21:05,113 [INFO] LogOutputStream:77 - [STDOUT_REDIRECT] 
2026-04-20 01:21:08,839 [INFO] ApplicationProperties:184 - Using Application install path: C:\ST\STM32CubeIDE_1.19.0\STM32CubeIDE\plugins\com.st.stm32cube.common.mx_6.15.0.202507011659
2026-04-20 01:21:08,856 [INFO] DbMcusXml:78 - Set database path to: C:\ST\STM32CubeIDE_1.19.0\STM32CubeIDE\plugins\com.st.stm32cube.common.mx_6.15.0.202507011659\\db\/mcu/
2026-04-20 01:21:08,857 [INFO] ApiDb:274 - Set plugin database path to: C:\ST\STM32CubeIDE_1.19.0\STM32CubeIDE\plugins\com.st.stm32cube.common.mx_6.15.0.202507011659\\db\/plugins/boardmanager/
2026-04-20 01:21:08,857 [WARN] ApiDb:259 - Overriding images path with different value:  => C:\ST\STM32CubeIDE_1.19.0\STM32CubeIDE\plugins\com.st.stm32cube.common.mx_6.15.0.202507011659\\db\/plugins/mcufinder/images/
2026-04-20 01:21:08,878 [INFO] ApiDb:250 - Set database path to: C:\Users\User\.stmcufinder\plugins\mcufinder//mcu/
2026-04-20 01:21:08,879 [INFO] DbMcusAds:125 - Set database path to: C:\Users\User\.stmcufinder\plugins\mcufinder//mcu/
2026-04-20 01:21:08,882 [INFO] CrossReferenceDbSqlite:203 - Set database path to: C:\Users\User\.stmcufinder\plugins\mcufinder//mcu/cs/
2026-04-20 01:21:09,074 [INFO] RulesReader:64 - Compatibility file has been processed (317 Rules)
2026-04-20 01:21:09,169 [INFO] DbMcusXml:78 - Set database path to: C:\ST\STM32CubeIDE_1.19.0\STM32CubeIDE\plugins\com.st.stm32cube.common.mx_6.15.0.202507011659\\db\/mcu/
2026-04-20 01:21:09,170 [INFO] ApiDb:274 - Set plugin database path to: C:\ST\STM32CubeIDE_1.19.0\STM32CubeIDE\plugins\com.st.stm32cube.common.mx_6.15.0.202507011659\\db\/plugins/boardmanager/
2026-04-20 01:21:09,170 [INFO] ApiDb:261 - Set plugin images path to: C:\ST\STM32CubeIDE_1.19.0\STM32CubeIDE\plugins\com.st.stm32cube.common.mx_6.15.0.202507011659\\db\/plugins/mcufinder/images/
2026-04-20 01:21:09,170 [WARN] DbFile:41 - Overriding database path with different value: C:\Users\User\.stmcufinder\plugins\mcufinder/ => C:\Users\User\.stmcufinder\plugins\mcufinder
2026-04-20 01:21:09,170 [INFO] ApiDb:250 - Set database path to: C:\Users\User\.stmcufinder\plugins\mcufinder//mcu/
2026-04-20 01:21:09,170 [WARN] DbFile:41 - Overriding database path with different value: C:\Users\User\.stmcufinder\plugins\mcufinder/ => C:\Users\User\.stmcufinder\plugins\mcufinder
2026-04-20 01:21:09,170 [INFO] DbMcusAds:125 - Set database path to: C:\Users\User\.stmcufinder\plugins\mcufinder//mcu/
2026-04-20 01:21:09,170 [WARN] DbFile:41 - Overriding database path with different value: C:\Users\User\.stmcufinder\plugins\mcufinder/ => C:\Users\User\.stmcufinder\plugins\mcufinder
2026-04-20 01:21:09,170 [WARN] DbFile:41 - Overriding database path with different value: C:\Users\User\.stmcufinder\plugins\mcufinder/ => C:\Users\User\.stmcufinder\plugins\mcufinder
2026-04-20 01:21:09,171 [INFO] CrossReferenceDbSqlite:203 - Set database path to: C:\Users\User\.stmcufinder\plugins\mcufinder//mcu/cs/
2026-04-20 01:21:09,310 [INFO] MainPanel:274 - HeapMemory: 268435456
2026-04-20 01:21:09,713 [INFO] DbMcusXml:78 - Set database path to: C:\ST\STM32CubeIDE_1.19.0\STM32CubeIDE\plugins\com.st.stm32cube.common.mx_6.15.0.202507011659\\db\/mcu/
2026-04-20 01:21:09,714 [INFO] ApiDb:274 - Set plugin database path to: C:\ST\STM32CubeIDE_1.19.0\STM32CubeIDE\plugins\com.st.stm32cube.common.mx_6.15.0.202507011659\\db\/plugins/boardmanager/
2026-04-20 01:21:09,714 [INFO] ApiDb:261 - Set plugin images path to: C:\ST\STM32CubeIDE_1.19.0\STM32CubeIDE\plugins\com.st.stm32cube.common.mx_6.15.0.202507011659\\db\/plugins/mcufinder/images/
2026-04-20 01:21:09,714 [WARN] DbFile:41 - Overriding database path with different value: C:\Users\User\.stmcufinder\plugins\mcufinder/ => C:\Users\User\.stmcufinder\plugins\mcufinder
2026-04-20 01:21:09,715 [INFO] ApiDb:250 - Set database path to: C:\Users\User\.stmcufinder\plugins\mcufinder//mcu/
2026-04-20 01:21:09,715 [WARN] DbFile:41 - Overriding database path with different value: C:\Users\User\.stmcufinder\plugins\mcufinder/ => C:\Users\User\.stmcufinder\plugins\mcufinder
2026-04-20 01:21:09,715 [INFO] DbMcusAds:125 - Set database path to: C:\Users\User\.stmcufinder\plugins\mcufinder//mcu/
2026-04-20 01:21:09,715 [WARN] DbFile:41 - Overriding database path with different value: C:\Users\User\.stmcufinder\plugins\mcufinder/ => C:\Users\User\.stmcufinder\plugins\mcufinder
2026-04-20 01:21:09,715 [WARN] DbFile:41 - Overriding database path with different value: C:\Users\User\.stmcufinder\plugins\mcufinder/ => C:\Users\User\.stmcufinder\plugins\mcufinder
2026-04-20 01:21:09,715 [INFO] CrossReferenceDbSqlite:203 - Set database path to: C:\Users\User\.stmcufinder\plugins\mcufinder//mcu/cs/
2026-04-20 01:21:09,740 [INFO] ApplicationProperties:184 - Using Application install path: C:\ST\STM32CubeIDE_1.19.0\STM32CubeIDE\plugins\com.st.stm32cube.common.mx_6.15.0.202507011659
2026-04-20 01:21:09,742 [INFO] PluginManage:196 - Search for loadable plugins [exclusion list=, ]
2026-04-20 01:21:09,743 [INFO] PluginManage:310 - Check plugin analytics
2026-04-20 01:21:09,917 [INFO] AnalyticsPlugin:253 - Accepted Software Licenses: STM32CubeMX.6.15.0
2026-04-20 01:21:09,918 [INFO] AnalyticsPlugin:255 - Accepted CMSIS Pack Licenses: 
2026-04-20 01:21:09,918 [INFO] AnalyticsPlugin:257 - Accepted Firmware Licenses: FW.G4.1.6.0,FW.G4.1.5.0
2026-04-20 01:21:09,920 [INFO] PluginManage:359 - Loaded plugin analytics (category:tool,tabindex:-1)
2026-04-20 01:21:09,920 [INFO] PluginManage:310 - Check plugin cadmodel
2026-04-20 01:21:09,936 [INFO] CADModel:105 - Init CAD model plugin
2026-04-20 01:21:09,936 [INFO] PluginManage:359 - Loaded plugin cadmodel (category:power,tabindex:5)
2026-04-20 01:21:09,936 [INFO] PluginManage:310 - Check plugin clock
2026-04-20 01:21:09,955 [INFO] PluginManage:359 - Loaded plugin clock (category:base,tabindex:2)
2026-04-20 01:21:09,955 [INFO] PluginManage:310 - Check plugin ddr
2026-04-20 01:21:09,958 [INFO] PluginManage:359 - Loaded plugin ddr (category:tool,tabindex:6)
2026-04-20 01:21:09,958 [INFO] PluginManage:310 - Check plugin filemanager
2026-04-20 01:21:10,130 [INFO] PluginManage:359 - Loaded plugin filemanager (category:base,tabindex:10)
2026-04-20 01:21:10,130 [INFO] PluginManage:310 - Check plugin ipmanager
2026-04-20 01:21:10,140 [INFO] PluginManage:359 - Loaded plugin ipmanager (category:base,tabindex:5)
2026-04-20 01:21:10,140 [INFO] PluginManage:310 - Check plugin lpbam
2026-04-20 01:21:10,253 [INFO] PluginManage:359 - Loaded plugin lpbam (category:base,tabindex:0)
2026-04-20 01:21:10,255 [INFO] PluginManage:310 - Check plugin memorymap
2026-04-20 01:21:10,369 [INFO] PluginManage:359 - Loaded plugin memorymap (category:base,tabindex:4)
2026-04-20 01:21:10,369 [INFO] PluginManage:310 - Check plugin pinoutandconfiguration
2026-04-20 01:21:10,414 [INFO] PluginManage:359 - Loaded plugin pinoutandconfiguration (category:base,tabindex:1)
2026-04-20 01:21:10,414 [INFO] PluginManage:310 - Check plugin pinoutconfig
2026-04-20 01:21:10,537 [WARN] SupportedApi:132 - Cannot load RTOS API schema: s4s-elt-must-match.1: The content of 'definitions' must match (annotation?, (simpleType | complexType)?, (unique | key | keyref)*)). A problem was found starting at: attribute.
2026-04-20 01:21:10,662 [INFO] PluginManage:359 - Loaded plugin pinoutconfig (category:base,tabindex:0)
2026-04-20 01:21:10,662 [INFO] PluginManage:310 - Check plugin power
2026-04-20 01:21:10,681 [INFO] PluginManage:359 - Loaded plugin power (category:power,tabindex:4)
2026-04-20 01:21:10,681 [INFO] PluginManage:310 - Check plugin projectmanager
2026-04-20 01:21:10,700 [INFO] PluginManage:359 - Loaded plugin projectmanager (category:projectmanager,tabindex:4)
2026-04-20 01:21:10,700 [INFO] PluginManage:310 - Check plugin rif
2026-04-20 01:21:10,719 [INFO] PluginManage:359 - Loaded plugin rif (category:base,tabindex:3)
2026-04-20 01:21:10,719 [INFO] PluginManage:310 - Check plugin thirdparty
2026-04-20 01:21:11,058 [WARN] IntegrityCheckThread:84 - waiting for thirdparty lock release [integrity check]
2026-04-20 01:21:11,059 [INFO] IntegrityCheckThread:86 - entering critical section [integrity check]
2026-04-20 01:21:11,059 [INFO] PluginManage:359 - Loaded plugin thirdparty (category:base,tabindex:-1)
2026-04-20 01:21:11,059 [INFO] ThirdPartyUpdaterWithRetryManager:70 - Updater plugin not ready yet. [1/15]
2026-04-20 01:21:11,059 [INFO] PluginManage:310 - Check plugin tools
2026-04-20 01:21:11,099 [INFO] PluginManage:359 - Loaded plugin tools (category:base,tabindex:7)
2026-04-20 01:21:11,099 [INFO] PluginManage:310 - Check plugin tutovideos
2026-04-20 01:21:11,421 [INFO] PluginManage:359 - Loaded plugin tutovideos (category:base,tabindex:-1)
2026-04-20 01:21:11,421 [INFO] PluginManage:310 - Check plugin updater
2026-04-20 01:21:11,444 [INFO] PluginManage:359 - Loaded plugin updater (category:base,tabindex:12)
2026-04-20 01:21:11,444 [INFO] PluginManage:310 - Check plugin userauth
2026-04-20 01:21:11,448 [INFO] UserAuth:118 - Init User Auth plugin
2026-04-20 01:21:11,450 [INFO] PluginManage:359 - Loaded plugin userauth (category:base,tabindex:14)
2026-04-20 01:21:11,450 [INFO] PluginManage:283 - PluginManage : Loaded plugins [18]
2026-04-20 01:21:11,672 [INFO] PinOutPanel:1589 - setPackage(No Configuration,No Configuration)
2026-04-20 01:21:11,864 [INFO] CADModel:165 - CPN selected for project level
2026-04-20 01:21:11,866 [INFO] CADModel:114 - Register for checkConnection events
2026-04-20 01:21:11,910 [INFO] IPUIPlugin:80 - create IPUIPlugin
2026-04-20 01:21:11,912 [INFO] PluginManager:220 - loadIPPluginJar : add adc
2026-04-20 01:21:12,147 [INFO] IPUIPlugin:80 - create IPUIPlugin
2026-04-20 01:21:12,148 [INFO] PluginManager:220 - loadIPPluginJar : add aes
2026-04-20 01:21:12,489 [INFO] IPUIPlugin:80 - create IPUIPlugin
2026-04-20 01:21:12,490 [INFO] PluginManager:220 - loadIPPluginJar : add can
2026-04-20 01:21:12,681 [INFO] IPUIPlugin:80 - create IPUIPlugin
2026-04-20 01:21:12,681 [INFO] PluginManager:220 - loadIPPluginJar : add comp
2026-04-20 01:21:12,955 [INFO] IPUIPlugin:80 - create IPUIPlugin
2026-04-20 01:21:12,956 [INFO] PluginManager:220 - loadIPPluginJar : add cryp
2026-04-20 01:21:13,058 [INFO] IPUIPlugin:80 - create IPUIPlugin
2026-04-20 01:21:13,058 [INFO] PluginManager:220 - loadIPPluginJar : add ddr_ctrl_phy
2026-04-20 01:21:13,277 [INFO] IPUIPlugin:80 - create IPUIPlugin
2026-04-20 01:21:13,278 [INFO] PluginManager:220 - loadIPPluginJar : add dfsdm
2026-04-20 01:21:13,338 [INFO] IPUIPlugin:80 - create IPUIPlugin
2026-04-20 01:21:13,338 [INFO] PluginManager:220 - loadIPPluginJar : add dma
2026-04-20 01:21:13,581 [INFO] IPUIPlugin:80 - create IPUIPlugin
2026-04-20 01:21:13,582 [INFO] PluginManager:220 - loadIPPluginJar : add dma3
2026-04-20 01:21:13,919 [INFO] IPUIPlugin:80 - create IPUIPlugin
2026-04-20 01:21:13,919 [INFO] PluginManager:220 - loadIPPluginJar : add extmemmanager
2026-04-20 01:21:13,942 [INFO] IPUIPlugin:80 - create IPUIPlugin
2026-04-20 01:21:13,943 [INFO] PluginManager:220 - loadIPPluginJar : add fatfs
2026-04-20 01:21:14,016 [INFO] IPUIPlugin:80 - create IPUIPlugin
2026-04-20 01:21:14,016 [INFO] PluginManager:220 - loadIPPluginJar : add fmc
2026-04-20 01:21:14,034 [INFO] IPUIPlugin:80 - create IPUIPlugin
2026-04-20 01:21:14,034 [INFO] PluginManager:220 - loadIPPluginJar : add freertos
2026-04-20 01:21:14,056 [INFO] IPUIPlugin:80 - create IPUIPlugin
2026-04-20 01:21:14,056 [INFO] PluginManager:220 - loadIPPluginJar : add genericplugin
2026-04-20 01:21:14,060 [INFO] ThirdPartyUpdaterWithRetryManager:70 - Updater plugin not ready yet. [2/15]
2026-04-20 01:21:14,830 [INFO] IPUIPlugin:80 - create IPUIPlugin
2026-04-20 01:21:14,831 [INFO] PluginManager:220 - loadIPPluginJar : add gfxmmu
2026-04-20 01:21:15,848 [INFO] IPUIPlugin:80 - create IPUIPlugin
2026-04-20 01:21:15,849 [INFO] PluginManager:220 - loadIPPluginJar : add gic
2026-04-20 01:21:15,902 [INFO] IPUIPlugin:80 - create IPUIPlugin
2026-04-20 01:21:15,903 [INFO] PluginManager:220 - loadIPPluginJar : add gpio
2026-04-20 01:21:16,686 [INFO] IPUIPlugin:80 - create IPUIPlugin
2026-04-20 01:21:16,686 [INFO] PluginManager:220 - loadIPPluginJar : add gtzc
2026-04-20 01:21:16,863 [INFO] IPUIPlugin:80 - create IPUIPlugin
2026-04-20 01:21:16,863 [INFO] PluginManager:220 - loadIPPluginJar : add hash
2026-04-20 01:21:17,061 [INFO] ThirdPartyUpdaterWithRetryManager:70 - Updater plugin not ready yet. [3/15]
2026-04-20 01:21:17,317 [INFO] IPUIPlugin:80 - create IPUIPlugin
2026-04-20 01:21:17,318 [INFO] PluginManager:220 - loadIPPluginJar : add i2c
2026-04-20 01:21:17,618 [INFO] IPUIPlugin:80 - create IPUIPlugin
2026-04-20 01:21:17,619 [INFO] PluginManager:220 - loadIPPluginJar : add i2s
2026-04-20 01:21:17,842 [INFO] IPUIPlugin:80 - create IPUIPlugin
2026-04-20 01:21:17,844 [INFO] PluginManager:220 - loadIPPluginJar : add i3c
2026-04-20 01:21:18,287 [INFO] IPUIPlugin:80 - create IPUIPlugin
2026-04-20 01:21:18,289 [INFO] PluginManager:220 - loadIPPluginJar : add ipddr
2026-04-20 01:21:18,855 [INFO] IPUIPlugin:80 - create IPUIPlugin
2026-04-20 01:21:18,855 [INFO] PluginManager:220 - loadIPPluginJar : add linkedlist
2026-04-20 01:21:19,197 [INFO] IPUIPlugin:80 - create IPUIPlugin
2026-04-20 01:21:19,198 [INFO] PluginManager:220 - loadIPPluginJar : add lorawan
2026-04-20 01:21:19,383 [INFO] IPUIPlugin:80 - create IPUIPlugin
2026-04-20 01:21:19,384 [INFO] PluginManager:220 - loadIPPluginJar : add ltdc
2026-04-20 01:21:19,469 [INFO] IPUIPlugin:80 - create IPUIPlugin
2026-04-20 01:21:19,470 [INFO] PluginManager:220 - loadIPPluginJar : add mdma
2026-04-20 01:21:19,527 [INFO] IPUIPlugin:80 - create IPUIPlugin
2026-04-20 01:21:19,528 [INFO] PluginManager:220 - loadIPPluginJar : add nvic
2026-04-20 01:21:19,853 [INFO] IPUIPlugin:80 - create IPUIPlugin
2026-04-20 01:21:19,854 [INFO] PluginManager:220 - loadIPPluginJar : add opamp
2026-04-20 01:21:20,063 [INFO] ThirdPartyUpdaterWithRetryManager:70 - Updater plugin not ready yet. [4/15]
2026-04-20 01:21:20,163 [INFO] IPUIPlugin:80 - create IPUIPlugin
2026-04-20 01:21:20,164 [INFO] PluginManager:220 - loadIPPluginJar : add openamp
2026-04-20 01:21:20,496 [INFO] IPUIPlugin:80 - create IPUIPlugin
2026-04-20 01:21:20,497 [INFO] PluginManager:220 - loadIPPluginJar : add pdm2pcm
2026-04-20 01:21:20,574 [INFO] IPUIPlugin:80 - create IPUIPlugin
2026-04-20 01:21:20,579 [INFO] PluginManager:220 - loadIPPluginJar : add plateformsettings
2026-04-20 01:21:20,795 [INFO] IPUIPlugin:80 - create IPUIPlugin
2026-04-20 01:21:20,795 [INFO] PluginManager:220 - loadIPPluginJar : add quadspi
2026-04-20 01:21:20,895 [INFO] IPUIPlugin:80 - create IPUIPlugin
2026-04-20 01:21:20,896 [INFO] PluginManager:220 - loadIPPluginJar : add radio
2026-04-20 01:21:20,940 [INFO] IPUIPlugin:80 - create IPUIPlugin
2026-04-20 01:21:20,940 [INFO] PluginManager:220 - loadIPPluginJar : add resmgrutility
2026-04-20 01:21:21,207 [INFO] IPUIPlugin:80 - create IPUIPlugin
2026-04-20 01:21:21,208 [INFO] PluginManager:220 - loadIPPluginJar : add sai
2026-04-20 01:21:21,541 [INFO] IPUIPlugin:80 - create IPUIPlugin
2026-04-20 01:21:21,541 [INFO] PluginManager:220 - loadIPPluginJar : add spi
2026-04-20 01:21:22,060 [INFO] IPUIPlugin:80 - create IPUIPlugin
2026-04-20 01:21:22,060 [INFO] PluginManager:220 - loadIPPluginJar : add stm32_wpan
2026-04-20 01:21:22,168 [INFO] IPUIPlugin:80 - create IPUIPlugin
2026-04-20 01:21:22,169 [INFO] PluginManager:220 - loadIPPluginJar : add tim
2026-04-20 01:21:22,641 [INFO] IPUIPlugin:80 - create IPUIPlugin
2026-04-20 01:21:22,642 [INFO] PluginManager:220 - loadIPPluginJar : add touchsensing
2026-04-20 01:21:22,741 [INFO] IPUIPlugin:80 - create IPUIPlugin
2026-04-20 01:21:22,741 [INFO] PluginManager:220 - loadIPPluginJar : add tracer_emb
2026-04-20 01:21:22,776 [INFO] IPUIPlugin:80 - create IPUIPlugin
2026-04-20 01:21:22,777 [INFO] PluginManager:220 - loadIPPluginJar : add ts
2026-04-20 01:21:22,800 [INFO] IPUIPlugin:80 - create IPUIPlugin
2026-04-20 01:21:22,800 [INFO] PluginManager:220 - loadIPPluginJar : add tsc
2026-04-20 01:21:22,823 [INFO] IPUIPlugin:80 - create IPUIPlugin
2026-04-20 01:21:22,823 [INFO] PluginManager:220 - loadIPPluginJar : add ucpd
2026-04-20 01:21:22,920 [INFO] IPUIPlugin:80 - create IPUIPlugin
2026-04-20 01:21:22,920 [INFO] PluginManager:220 - loadIPPluginJar : add usart
2026-04-20 01:21:23,066 [INFO] ThirdPartyUpdaterWithRetryManager:70 - Updater plugin not ready yet. [5/15]
2026-04-20 01:21:23,299 [INFO] IPUIPlugin:80 - create IPUIPlugin
2026-04-20 01:21:23,300 [INFO] PluginManager:220 - loadIPPluginJar : add usbx
2026-04-20 01:21:23,516 [FATAL] Updater:351 - Updater called before beeing initialized
2026-04-20 01:21:23,569 [INFO] RulesReader:64 - Compatibility file has been processed (317 Rules)
2026-04-20 01:21:23,616 [INFO] RulesReader:64 - Compatibility file has been processed (317 Rules)
2026-04-20 01:21:23,645 [INFO] CADModel:165 - CPN selected for project level
2026-04-20 01:21:23,645 [INFO] CADModel:114 - Register for checkConnection events
2026-04-20 01:21:23,645 [FATAL] Updater:351 - Updater called before beeing initialized
2026-04-20 01:21:23,645 [ERROR] CADModel:125 - Updater not yet initialized, retry later 
2026-04-20 01:21:23,879 [FATAL] Updater:351 - Updater called before beeing initialized
2026-04-20 01:21:23,881 [INFO] CADModel:165 - CPN selected for project level
2026-04-20 01:21:23,881 [INFO] CADModel:114 - Register for checkConnection events
2026-04-20 01:21:23,881 [FATAL] Updater:351 - Updater called before beeing initialized
2026-04-20 01:21:23,882 [ERROR] CADModel:125 - Updater not yet initialized, retry later 
2026-04-20 01:21:23,887 [FATAL] Updater:351 - Updater called before beeing initialized
2026-04-20 01:21:24,050 [FATAL] Updater:351 - Updater called before beeing initialized
2026-04-20 01:21:24,063 [INFO] DbMcusAds:53 - JSON generation date=Fri Apr 10 16:19:02 ICT 2026 (1775812742310)
2026-04-20 01:21:24,063 [FATAL] Updater:351 - Updater called before beeing initialized
2026-04-20 01:21:24,107 [WARN] DetailPanel:346 - Failed to get advertising image, set to default
2026-04-20 01:21:24,221 [FATAL] Updater:351 - Updater called before beeing initialized
2026-04-20 01:21:24,222 [FATAL] Updater:351 - Updater called before beeing initialized
2026-04-20 01:21:24,223 [FATAL] Updater:351 - Updater called before beeing initialized
2026-04-20 01:21:24,223 [WARN] DetailPanel:346 - Failed to get advertising image, set to default
2026-04-20 01:21:24,224 [FATAL] Updater:351 - Updater called before beeing initialized
2026-04-20 01:21:24,305 [ERROR] Updater:1198 - MainUpdater not yet initialized. External WinMGr cannot be set.
2026-04-20 01:21:24,316 [INFO] Updater:1134 - Updater Version found : 6.15.0
2026-04-20 01:21:24,334 [INFO] ApplicationProperties:184 - Using Application install path: C:\ST\STM32CubeIDE_1.19.0\STM32CubeIDE\plugins\com.st.stm32cube.common.mx_6.15.0.202507011659
2026-04-20 01:21:25,926 [ERROR] LogOutputStream:75 - [STDERR_REDIRECT] Apr 20, 2026 1:21:25 AM java.util.prefs.WindowsPreferences <init>
2026-04-20 01:21:25,927 [ERROR] LogOutputStream:75 - [STDERR_REDIRECT] WARNING: Could not open/create prefs root node Software\JavaSoft\Prefs at root 0xffffffff80000002. Windows RegCreateKeyEx(...) returned error code 5.
2026-04-20 01:21:25,927 [ERROR] LogOutputStream:75 - [STDERR_REDIRECT] 
2026-04-20 01:21:26,069 [INFO] ThirdPartyUpdaterWithRetryManager:70 - Updater plugin not ready yet. [6/15]
2026-04-20 01:21:26,611 [INFO] MainUpdater:2872 - connection check result : 10
2026-04-20 01:21:26,612 [INFO] MainUpdater:289 - Updater Check For Update Now.
2026-04-20 01:21:26,612 [INFO] MicroXplorer:498 - Change Database Version : DB.6.0.150
2026-04-20 01:21:26,630 [INFO] McuFinderGlobals:63 - Set McuFinder mode to 2 (CubeIDE integrated)
2026-04-20 01:21:26,639 [INFO] UserAuth:487 - Internet connection configuration mode: 1
2026-04-20 01:21:26,680 [INFO] JxBrowserEngine:152 - Initiate JxBrowser Engine with user profile folder
2026-04-20 01:21:26,855 [INFO] CheckServerUpdateThread:120 - End of CheckServer Thread
2026-04-20 01:21:27,661 [INFO] WebApp:169 - Instantiating new browser for Auth
2026-04-20 01:21:28,436 [INFO] WebApp:463 - Apply proxy settings
2026-04-20 01:21:28,436 [INFO] WebApp:548 - Chromium requires no authentication
2026-04-20 01:21:28,446 [INFO] WebApp:491 - Direct internet connection detected
2026-04-20 01:21:28,470 [INFO] WebApp:900 - Register for checkConnection events
2026-04-20 01:21:28,470 [INFO] WebApp:463 - Apply proxy settings
2026-04-20 01:21:28,470 [INFO] WebApp:548 - Chromium requires no authentication
2026-04-20 01:21:28,471 [INFO] WebApp:491 - Direct internet connection detected
2026-04-20 01:21:28,660 [INFO] WebApp:225 - Starting web application
2026-04-20 01:21:28,661 [INFO] WebApp:593 - Web application path used C:\ST\STM32CubeIDE_1.19.0\STM32CubeIDE\plugins\com.st.stm32cube.common.mx_6.15.0.202507011659\db\plugins\mcufinder\reactClient1\index.html
2026-04-20 01:21:28,668 [INFO] WebApp:191 - Connection restablished
2026-04-20 01:21:28,844 [INFO] UserAuth:487 - Internet connection configuration mode: 1
2026-04-20 01:21:29,726 [WARN] PackLoader:240 - Cannot read IP mode file for STMicroelectronics.X-CUBE-AZRTOS-H7.3.5.0
2026-04-20 01:21:29,808 [WARN] PackLoader:240 - Cannot read IP mode file for STMicroelectronics.FP-SNS-MOTENVWB1.1.4.0
2026-04-20 01:21:29,847 [WARN] PackLoader:240 - Cannot read IP mode file for STMicroelectronics.FP-ATR-ASTRA1.2.0.2
2026-04-20 01:21:29,883 [WARN] PackLoader:240 - Cannot read IP mode file for STMicroelectronics.X-CUBE-SMBUS.2.1.0
2026-04-20 01:21:29,914 [WARN] PackLoader:240 - Cannot read IP mode file for STMicroelectronics.X-CUBE-ST60.1.0.0
2026-04-20 01:21:30,027 [WARN] PackLoader:240 - Cannot read IP mode file for STMicroelectronics.X-CUBE-AZRTOS-F7.1.1.0
2026-04-20 01:21:30,076 [WARN] PackLoader:240 - Cannot read IP mode file for Cesanta.I-CUBE-Mongoose.7.19.0
2026-04-20 01:21:30,881 [WARN] PackLoader:240 - Cannot read IP mode file for STMicroelectronics.FP-SNS-MOTENV1.5.1.0
2026-04-20 01:21:30,924 [WARN] PackLoader:240 - Cannot read IP mode file for WES.I-CUBE-Cesium.1.4.0
2026-04-20 01:21:30,988 [WARN] PackLoader:240 - Cannot read IP mode file for Infineon.AIROC-Wi-Fi-Bluetooth-STM32.1.7.1
2026-04-20 01:21:31,170 [WARN] PackLoader:240 - Cannot read IP mode file for STMicroelectronics.X-CUBE-AZRTOS-H7.3.4.0
2026-04-20 01:21:31,240 [WARN] PackLoader:240 - Cannot read IP mode file for STMicroelectronics.X-CUBE-DISPLAY.3.0.0
2026-04-20 01:21:31,418 [WARN] PackLoader:240 - Cannot read IP mode file for STMicroelectronics.FP-SNS-MOTENVWB1.1.5.0
2026-04-20 01:21:31,460 [WARN] PackLoader:240 - Cannot read IP mode file for STMicroelectronics.X-CUBE-NFC10.1.0.0
2026-04-20 01:21:31,495 [WARN] PackLoader:240 - Cannot read IP mode file for STMicroelectronics.X-CUBE-ST60.1.1.0
2026-04-20 01:21:31,540 [WARN] PackLoader:240 - Cannot read IP mode file for emotas.I-CUBE-CANOPEN.1.3.0
2026-04-20 01:21:31,574 [WARN] PackLoader:240 - Cannot read IP mode file for STMicroelectronics.X-CUBE-GNSS1.7.1.0
2026-04-20 01:21:31,601 [WARN] PackLoader:240 - Cannot read IP mode file for STMicroelectronics.FP-SNS-STBOX1.2.1.0
2026-04-20 01:21:31,641 [WARN] PackLoader:240 - Cannot read IP mode file for STMicroelectronics.FP-SNS-SMARTAG2.1.2.0
2026-04-20 01:21:31,683 [WARN] PackLoader:240 - Cannot read IP mode file for STMicroelectronics.FP-SNS-FLIGHT1.5.1.0
2026-04-20 01:21:31,730 [INFO] LogOutputStream:77 - [STDOUT_REDIRECT] 1 : Invalid condition id : UX_CORESTACK_Condition cause : null
2026-04-20 01:21:31,732 [INFO] LogOutputStream:77 - [STDOUT_REDIRECT] 1 : Invalid condition id : UX_CORESTACK_Condition cause : null
2026-04-20 01:21:31,735 [INFO] LogOutputStream:77 - [STDOUT_REDIRECT] 1 : Invalid condition id : UX_CORESTACK_Condition cause : null
2026-04-20 01:21:31,737 [INFO] LogOutputStream:77 - [STDOUT_REDIRECT] 1 : Invalid condition id : UX_CORESTACK_Condition cause : null
2026-04-20 01:21:31,739 [INFO] LogOutputStream:77 - [STDOUT_REDIRECT] 1 : Invalid condition id : UX_CORESTACK_Condition cause : null
2026-04-20 01:21:31,743 [WARN] PackLoader:240 - Cannot read IP mode file for STMicroelectronics.X-CUBE-AZRTOS-WL.2.0.0
2026-04-20 01:21:31,784 [WARN] PackLoader:240 - Cannot read IP mode file for STMicroelectronics.FP-SNS-MOTENV1.5.0.0
2026-04-20 01:21:31,882 [WARN] PackLoader:240 - Cannot read IP mode file for STMicroelectronics.X-CUBE-AZRTOS-H7RS.1.2.0
2026-04-20 01:21:31,933 [WARN] PackLoader:240 - Cannot read IP mode file for STMicroelectronics.X-CUBE-BLE2.3.3.0
2026-04-20 01:21:32,413 [WARN] PackLoader:240 - Cannot read IP mode file for Infineon.AIROC-Wi-Fi-Bluetooth-STM32.1.8.0
2026-04-20 01:21:32,458 [WARN] PackLoader:240 - Cannot read IP mode file for STMicroelectronics.X-CUBE-NFC9.1.0.0
2026-04-20 01:21:32,492 [WARN] PackLoader:240 - Cannot read IP mode file for wolfSSL.I-CUBE-wolfSSL.5.8.2
2026-04-20 01:21:32,523 [WARN] PackLoader:240 - Cannot read IP mode file for STMicroelectronics.X-CUBE-BLE1.7.1.0
2026-04-20 01:21:32,552 [WARN] PackLoader:240 - Cannot read IP mode file for wolfSSL.I-CUBE-wolfMQTT.1.19.2
2026-04-20 01:21:32,584 [WARN] PackLoader:240 - Cannot read IP mode file for STMicroelectronics.X-CUBE-FREERTOS.1.4.0
2026-04-20 01:21:32,625 [WARN] PackLoader:240 - Cannot read IP mode file for STMicroelectronics.X-CUBE-EEPRMA1.5.2.0
2026-04-20 01:21:32,653 [WARN] PackLoader:240 - Cannot read IP mode file for wolfSSL.I-CUBE-wolfSSL.5.8.4
2026-04-20 01:21:32,691 [WARN] PackLoader:240 - Cannot read IP mode file for Cesanta.I-CUBE-Mongoose.7.20.0
2026-04-20 01:21:32,738 [WARN] PackLoader:240 - Cannot read IP mode file for STMicroelectronics.X-CUBE-ST67W61.1.1.0
2026-04-20 01:21:32,856 [WARN] PackLoader:240 - Cannot read IP mode file for STMicroelectronics.X-CUBE-MEMS1.12.0.0
2026-04-20 01:21:33,035 [WARN] PackLoader:240 - Cannot read IP mode file for STMicroelectronics.X-CUBE-AZRTOS-G0.1.1.0
2026-04-20 01:21:33,052 [WARN] PackLoader:240 - Cannot read IP mode file for STMicroelectronics.X-CUBE-SAFEA1.1.2.2
2026-04-20 01:21:33,077 [WARN] PackLoader:240 - Cannot read IP mode file for STMicroelectronics.X-CUBE-NFC4.3.0.0
2026-04-20 01:21:33,097 [WARN] PackLoader:240 - Cannot read IP mode file for EmbeddedOffice.I-CUBE-FS-RTOS.1.0.1
2026-04-20 01:21:33,120 [WARN] PackLoader:240 - Cannot read IP mode file for STMicroelectronics.X-CUBE-WB05N.2.0.0
2026-04-20 01:21:33,143 [WARN] PackLoader:240 - Cannot read IP mode file for wolfSSL.I-CUBE-wolfTPM.3.8.0
2026-04-20 01:21:33,159 [WARN] PackLoader:240 - Cannot read IP mode file for STMicroelectronics.X-CUBE-TCPP.4.2.0
2026-04-20 01:21:33,179 [WARN] PackLoader:240 - Cannot read IP mode file for RealThread.X-CUBE-RT-Thread_Nano.4.1.1
2026-04-20 01:21:33,201 [WARN] PackLoader:240 - Cannot read IP mode file for STMicroelectronics.FP-ATR-SIGFOX1.3.2.0
2026-04-20 01:21:33,222 [WARN] PackLoader:240 - Cannot read IP mode file for STMicroelectronics.X-CUBE-FREERTOS.1.5.0
2026-04-20 01:21:33,238 [WARN] PackLoader:240 - Cannot read IP mode file for ITTIA_DB.I-CUBE-ITTIADB.8.9.0
2026-04-20 01:21:33,255 [WARN] PackLoader:240 - Cannot read IP mode file for STMicroelectronics.X-CUBE-NFC6.3.2.0
2026-04-20 01:21:33,274 [WARN] PackLoader:240 - Cannot read IP mode file for STMicroelectronics.X-CUBE-ST67W61.1.0.0
2026-04-20 01:21:33,297 [WARN] PackLoader:240 - Cannot read IP mode file for STMicroelectronics.X-CUBE-AI.10.2.0
2026-04-20 01:21:33,330 [WARN] PackLoader:240 - Cannot read IP mode file for SEGGER.I-CUBE-embOS.1.3.1
2026-04-20 01:21:33,373 [WARN] PackLoader:240 - Cannot read IP mode file for STMicroelectronics.X-CUBE-ALGOBUILD.1.4.0
2026-04-20 01:21:33,416 [WARN] PackLoader:240 - Cannot read IP mode file for STMicroelectronics.X-CUBE-MEMS1.11.3.0
2026-04-20 01:21:33,522 [WARN] PackLoader:240 - Cannot read IP mode file for STMicroelectronics.X-CUBE-PM33A1.1.0.0
2026-04-20 01:21:33,574 [WARN] PackLoader:240 - Cannot read IP mode file for STMicroelectronics.X-CUBE-AZRTOS-F4.1.1.0
2026-04-20 01:21:33,592 [WARN] PackLoader:240 - Cannot read IP mode file for STMicroelectronics.X-CUBE-ISPU.2.1.0
2026-04-20 01:21:33,613 [WARN] PackLoader:240 - Cannot read IP mode file for STMicroelectronics.X-CUBE-IPS.3.2.0
2026-04-20 01:21:33,644 [WARN] PackLoader:240 - Cannot read IP mode file for STMicroelectronics.eDS-WB_DPC_TT-BIDIR.2.1.1
2026-04-20 01:21:33,664 [WARN] PackLoader:240 - Cannot read IP mode file for STMicroelectronics.X-CUBE-NFC12.1.0.0
2026-04-20 01:21:33,695 [WARN] PackLoader:240 - Cannot read IP mode file for STMicroelectronics.X-CUBE-AZRTOS-L5.2.0.0
2026-04-20 01:21:33,712 [WARN] PackLoader:240 - Cannot read IP mode file for STMicroelectronics.X-CUBE-NFC6.3.1.0
2026-04-20 01:21:33,734 [WARN] PackLoader:240 - Cannot read IP mode file for STMicroelectronics.eDS-WB_DPC_VIENNA.1.2.0
2026-04-20 01:21:33,755 [WARN] PackLoader:240 - Cannot read IP mode file for STMicroelectronics.eDS-WB_DPC_3PH2L-BIDIR.1.1.1
2026-04-20 01:21:33,769 [WARN] PackLoader:240 - Cannot read IP mode file for STMicroelectronics.X-CUBE-FREERTOS.1.3.1
2026-04-20 01:21:33,785 [WARN] PackLoader:240 - Cannot read IP mode file for STMicroelectronics.X-CUBE-TOUCHGFX.4.26.0
2026-04-20 01:21:33,797 [WARN] PackLoader:240 - Cannot read IP mode file for STMicroelectronics.X-CUBE-TOUCHGFX.4.26.1
2026-04-20 01:21:33,814 [WARN] PackLoader:240 - Cannot read IP mode file for STMicroelectronics.FP-SNS-STAIOTCFT.1.0.0
2026-04-20 01:21:33,830 [WARN] PackLoader:240 - Cannot read IP mode file for STMicroelectronics.X-CUBE-DPower.1.3.0
2026-04-20 01:21:33,853 [WARN] ConditionMgr:438 - getConditionDescription Invalid condition id : LAN8742 Phy interface Condition cause : null
2026-04-20 01:21:33,854 [WARN] PackLoader:240 - Cannot read IP mode file for STMicroelectronics.X-CUBE-AZRTOS-L4.2.0.0
2026-04-20 01:21:33,854 [WARN] ConditionMgr:1044 - genDependencies : Invalid condition id : LAN8742 Phy interface Condition cause : null
2026-04-20 01:21:33,854 [WARN] ConditionMgr:1044 - genDependencies : Invalid condition id : LAN8742 Phy interface Condition cause : null
2026-04-20 01:21:33,855 [WARN] ConditionMgr:1044 - genDependencies : Invalid condition id : LAN8742 Phy interface Condition cause : null
2026-04-20 01:21:33,881 [WARN] PackLoader:240 - Cannot read IP mode file for STMicroelectronics.X-CUBE-SFXS2LP1.4.0.0
2026-04-20 01:21:33,896 [WARN] PackLoader:240 - Cannot read IP mode file for STMicroelectronics.X-CUBE-WB05N.2.1.0
2026-04-20 01:21:33,914 [WARN] PackLoader:240 - Cannot read IP mode file for STMicroelectronics.X-CUBE-ST67W61.1.2.0
2026-04-20 01:21:33,946 [WARN] PackLoader:240 - Cannot read IP mode file for STMicroelectronics.X-CUBE-BLEMGR.4.1.0
2026-04-20 01:21:33,985 [WARN] ConditionMgr:438 - getConditionDescription Invalid condition id : UX DEVICE CLASS RTOS Condition cause : null
2026-04-20 01:21:33,985 [WARN] ConditionMgr:438 - getConditionDescription Invalid condition id : UX DEVICE CLASS RTOS Condition cause : null
2026-04-20 01:21:33,988 [WARN] PackLoader:240 - Cannot read IP mode file for STMicroelectronics.X-CUBE-AZRTOS-WB.2.0.0
2026-04-20 01:21:33,989 [WARN] ConditionMgr:1044 - genDependencies : Invalid condition id : UX DEVICE CLASS RTOS Condition cause : null
2026-04-20 01:21:33,989 [WARN] ConditionMgr:1044 - genDependencies : Invalid condition id : UX DEVICE CLASS RTOS Condition cause : null
2026-04-20 01:21:33,989 [WARN] ConditionMgr:1044 - genDependencies : Invalid condition id : UX DEVICE CLASS RTOS Condition cause : null
2026-04-20 01:21:33,989 [WARN] ConditionMgr:1044 - genDependencies : Invalid condition id : UX DEVICE CLASS RTOS Condition cause : null
2026-04-20 01:21:33,989 [WARN] ConditionMgr:1044 - genDependencies : Invalid condition id : UX DEVICE CLASS RTOS Condition cause : null
2026-04-20 01:21:34,004 [WARN] PackLoader:240 - Cannot read IP mode file for STMicroelectronics.X-CUBE-GNSS1.7.0.1
2026-04-20 01:21:34,026 [WARN] ConditionMgr:438 - getConditionDescription Invalid condition id : Cortex-A Device cause : null
2026-04-20 01:21:34,076 [WARN] ConditionMgr:1044 - genDependencies : Invalid condition id : Cortex-A Device cause : null
2026-04-20 01:21:34,076 [WARN] ConditionMgr:1044 - genDependencies : Invalid condition id : Cortex-A Device cause : null
2026-04-20 01:21:34,076 [WARN] ConditionMgr:1044 - genDependencies : Invalid condition id : Cortex-A Device cause : null
2026-04-20 01:21:34,104 [WARN] PackLoader:240 - Cannot read IP mode file for STMicroelectronics.X-CUBE-STSE01.2.0.0
2026-04-20 01:21:34,135 [WARN] PackLoader:240 - Cannot read IP mode file for STMicroelectronics.X-CUBE-SUBG2.5.0.0
2026-04-20 01:21:34,175 [WARN] PackLoader:240 - Cannot read IP mode file for STMicroelectronics.X-CUBE-AZRTOS-H7RS.1.1.0
2026-04-20 01:21:34,215 [WARN] PackLoader:240 - Cannot read IP mode file for STMicroelectronics.X-CUBE-AZRTOS-G4.2.0.0
2026-04-20 01:21:34,238 [WARN] PackLoader:240 - Cannot read IP mode file for wolfSSL.I-CUBE-wolfSSH.1.4.20
2026-04-20 01:21:34,264 [WARN] PackLoader:240 - Cannot read IP mode file for STMicroelectronics.X-CUBE-NFC7.2.0.0
2026-04-20 01:21:34,284 [WARN] PackLoader:240 - Cannot read IP mode file for STMicroelectronics.X-CUBE-IPS.3.1.0
2026-04-20 01:21:34,310 [WARN] PackLoader:240 - Cannot read IP mode file for STMicroelectronics.X-CUBE-ALS.1.0.2
2026-04-20 01:21:34,328 [WARN] PackLoader:240 - Cannot read IP mode file for STMicroelectronics.X-CUBE-STSE01.1.0.0
2026-04-20 01:21:34,359 [WARN] PackLoader:240 - Cannot read IP mode file for STMicroelectronics.X-CUBE-TOF1.3.4.3
2026-04-20 01:21:34,367 [INFO] ThirdParty:978 - Integrity check success = true
2026-04-20 01:21:34,368 [INFO] IntegrityCheckThread:100 - exiting critical section [integrity check]
2026-04-20 01:21:34,368 [INFO] IntegrityCheckThread:103 - End integrity checks thread
2026-04-20 02:03:33,478 [INFO] WebApp:194 - Connection lost
2026-04-20 02:03:33,885 [INFO] WebApp:191 - Connection restablished
2026-04-20 02:03:58,362 [INFO] WebApp:194 - Connection lost
2026-04-20 02:03:58,838 [INFO] WebApp:191 - Connection restablished
2026-04-20 02:04:15,862 [INFO] WebApp:194 - Connection lost
2026-04-20 02:04:16,063 [INFO] WebApp:191 - Connection restablished
2026-04-20 02:04:38,202 [INFO] WebApp:194 - Connection lost
2026-04-20 02:04:38,376 [INFO] WebApp:191 - Connection restablished
2026-04-20 02:04:46,401 [INFO] WebApp:194 - Connection lost
2026-04-20 02:04:46,568 [INFO] WebApp:191 - Connection restablished
2026-04-20 02:05:16,716 [INFO] WebApp:194 - Connection lost
2026-04-20 02:05:17,023 [INFO] WebApp:191 - Connection restablished
2026-04-20 02:05:26,319 [INFO] WebApp:194 - Connection lost
2026-04-20 02:05:26,489 [INFO] WebApp:191 - Connection restablished
2026-04-20 02:07:27,915 [INFO] WebApp:194 - Connection lost
2026-04-20 02:07:28,270 [INFO] WebApp:191 - Connection restablished
2026-04-20 02:07:48,698 [INFO] WebApp:194 - Connection lost
2026-04-20 02:07:48,909 [INFO] WebApp:191 - Connection restablished
2026-04-20 02:07:53,733 [INFO] WebApp:194 - Connection lost
2026-04-20 02:07:53,894 [INFO] WebApp:191 - Connection restablished
2026-04-20 02:08:06,269 [INFO] WebApp:194 - Connection lost
2026-04-20 02:08:06,428 [INFO] WebApp:191 - Connection restablished
2026-04-20 02:09:00,919 [INFO] WebApp:194 - Connection lost
2026-04-20 02:09:01,206 [INFO] WebApp:191 - Connection restablished
2026-04-20 07:29:21,865 [INFO] WebApp:194 - Connection lost
2026-04-20 07:29:22,114 [INFO] WebApp:191 - Connection restablished
2026-04-20 07:30:03,273 [INFO] WebApp:194 - Connection lost
2026-04-20 07:30:03,498 [INFO] WebApp:191 - Connection restablished
2026-04-20 07:43:39,251 [INFO] WebApp:194 - Connection lost
2026-04-20 07:43:39,476 [INFO] WebApp:191 - Connection restablished
2026-04-20 07:44:33,752 [INFO] WebApp:194 - Connection lost
2026-04-20 07:44:33,972 [INFO] WebApp:191 - Connection restablished
2026-04-20 08:16:28,211 [INFO] WebApp:194 - Connection lost
2026-04-20 08:16:28,451 [INFO] WebApp:191 - Connection restablished
2026-04-20 08:17:04,731 [INFO] WebApp:194 - Connection lost
2026-04-20 08:17:04,956 [INFO] WebApp:191 - Connection restablished
2026-04-20 10:22:21,749 [INFO] WebApp:194 - Connection lost
2026-04-20 10:22:22,062 [INFO] WebApp:191 - Connection restablished
2026-04-20 10:27:36,724 [INFO] WebApp:194 - Connection lost
2026-04-20 10:27:36,995 [INFO] WebApp:191 - Connection restablished
2026-04-20 11:38:46,748 [INFO] WebApp:194 - Connection lost
2026-04-20 11:38:47,037 [INFO] WebApp:191 - Connection restablished
2026-04-20 12:11:22,781 [INFO] WebApp:194 - Connection lost
2026-04-20 12:11:23,150 [INFO] WebApp:191 - Connection restablished
2026-04-20 12:12:08,713 [INFO] WebApp:194 - Connection lost
2026-04-20 12:12:09,005 [INFO] WebApp:191 - Connection restablished
2026-04-20 12:38:35,732 [INFO] WebApp:194 - Connection lost
2026-04-20 12:38:36,039 [INFO] WebApp:191 - Connection restablished
2026-04-20 13:23:44,203 [INFO] WebApp:194 - Connection lost
2026-04-20 13:23:44,523 [INFO] WebApp:191 - Connection restablished
2026-04-20 13:50:26,735 [INFO] WebApp:194 - Connection lost
2026-04-20 13:50:27,973 [INFO] WebApp:191 - Connection restablished
2026-04-20 13:51:10,753 [INFO] WebApp:194 - Connection lost
2026-04-20 13:51:10,972 [INFO] WebApp:191 - Connection restablished
2026-04-20 13:51:30,776 [INFO] WebApp:194 - Connection lost
2026-04-20 13:51:30,952 [INFO] WebApp:191 - Connection restablished
2026-04-20 13:51:44,257 [INFO] WebApp:194 - Connection lost
2026-04-20 13:51:44,498 [INFO] WebApp:191 - Connection restablished
2026-04-20 13:54:47,743 [INFO] WebApp:194 - Connection lost
2026-04-20 13:54:48,054 [INFO] WebApp:191 - Connection restablished
2026-04-20 14:25:40,387 [INFO] WebApp:194 - Connection lost
2026-04-20 14:29:43,734 [INFO] WebApp:191 - Connection restablished
