2026-04-16 01:28:13,735 [INFO] MainUpdater:2872 - connection check result : 10
2026-04-16 01:28:13,777 [INFO] MainUpdater:2872 - connection check result : 10
2026-04-16 01:28:14,079 [INFO] MicroXplorer:468 - Change Database Path : 
2026-04-16 01:28:14,079 [INFO] MicroXplorer:498 - Change Database Version : DB.6.0.150
2026-04-16 01:28:14,157 [ERROR] ProjectManagerView:395 - 
java.lang.NullPointerException: Cannot invoke "javax.swing.JTextField.getText()" because the return value of "java.util.List.get(int)" is null
	at com.st.microxplorer.plugins.projectmanager.gui.ProjectChoiceTab$9.caretUpdate(ProjectChoiceTab.java:2706) ~[filemanager.jar:?]
	at javax.swing.text.JTextComponent.fireCaretUpdate(JTextComponent.java:408) ~[?:?]
	at javax.swing.text.JTextComponent$MutableCaretEvent.fire(JTextComponent.java:4484) ~[?:?]
	at javax.swing.text.JTextComponent$MutableCaretEvent.stateChanged(JTextComponent.java:4506) ~[?:?]
	at javax.swing.text.DefaultCaret.fireStateChanged(DefaultCaret.java:857) ~[?:?]
	at javax.swing.text.DefaultCaret.changeCaretPosition(DefaultCaret.java:1343) ~[?:?]
	at javax.swing.text.DefaultCaret.handleSetDot(DefaultCaret.java:1242) ~[?:?]
	at javax.swing.text.DefaultCaret.setDot(DefaultCaret.java:1223) ~[?:?]
	at javax.swing.text.DefaultCaret$Handler.insertUpdate(DefaultCaret.java:1819) ~[?:?]
	at javax.swing.text.AbstractDocument.fireInsertUpdate(AbstractDocument.java:227) ~[?:?]
	at javax.swing.text.AbstractDocument.handleInsertString(AbstractDocument.java:781) ~[?:?]
	at javax.swing.text.AbstractDocument.insertString(AbstractDocument.java:740) ~[?:?]
	at javax.swing.text.PlainDocument.insertString(PlainDocument.java:131) ~[?:?]
	at javax.swing.text.AbstractDocument.replace(AbstractDocument.java:699) ~[?:?]
	at javax.swing.text.JTextComponent.setText(JTextComponent.java:1725) ~[?:?]
	at com.st.microxplorer.plugins.projectmanager.gui.ProjectChoiceTab.createHeapStackFields(ProjectChoiceTab.java:993) ~[filemanager.jar:?]
	at com.st.microxplorer.plugins.projectmanager.gui.ProjectChoiceTab.buildLinkSettingsPanel(ProjectChoiceTab.java:3813) ~[filemanager.jar:?]
	at com.st.microxplorer.plugins.projectmanager.gui.ProjectChoiceTab.defineWindowsFields(ProjectChoiceTab.java:1987) ~[filemanager.jar:?]
	at com.st.microxplorer.plugins.projectmanager.gui.ProjectChoiceTab.updateSettings(ProjectChoiceTab.java:558) ~[filemanager.jar:?]
	at com.st.microxplorer.plugins.projectmanager.gui.ProjectSettingsPanel.UpdateDialog(ProjectSettingsPanel.java:247) ~[filemanager.jar:?]
	at com.st.microxplorer.plugins.projectmanager.ProjectManagerView.propertyChange(ProjectManagerView.java:392) ~[filemanager.jar:?]
	at java.beans.PropertyChangeSupport.fire(PropertyChangeSupport.java:343) ~[?:?]
	at java.beans.PropertyChangeSupport.firePropertyChange(PropertyChangeSupport.java:335) ~[?:?]
	at java.beans.PropertyChangeSupport.firePropertyChange(PropertyChangeSupport.java:268) ~[?:?]
	at com.st.microxplorer.util.MXPropertyChangeSupport.firePropertyChange(MXPropertyChangeSupport.java:54) ~[STM32CubeMX.jar:?]
	at com.st.microxplorer.mxsystem.MxSystem.closeConfig(MxSystem.java:899) ~[STM32CubeMX.jar:?]
	at com.st.microxplorer.maingui.MainPanel.closeConfig(MainPanel.java:792) ~[STM32CubeMX.jar:?]
	at com.st.microxplorer.plugins.filemanager.engine.OpenFileManager.loadConfigurationFile(OpenFileManager.java:288) ~[filemanager.jar:?]
	at com.st.microxplorer.plugins.filemanager.engine.MainFileManager.userLoadConfig(MainFileManager.java:364) ~[filemanager.jar:?]
	at com.st.microxplorer.plugins.filemanager.engine.MainFileManager.userLoadConfig(MainFileManager.java:342) ~[filemanager.jar:?]
	at com.st.microxplorer.plugins.filemanager.FileManagerView.getSpecificTask(FileManagerView.java:264) ~[filemanager.jar:?]
	at com.st.stm32cube.common.mx.editor.CubeMxEditor.getMxTabbedPaneInstance(CubeMxEditor.java:1198) ~[com.st.stm32cube.common.mx_6.15.0.202507011659/:?]
	at com.st.stm32cube.common.mx.editor.CubeMxEditor$12$1.createSwingComponent(CubeMxEditor.java:1068) ~[com.st.stm32cube.common.mx_6.15.0.202507011659/:?]
	at com.st.stm32cube.common.mx.oss.core.awtswtbridge.EmbeddedSwingComposite.doComponentCreation(EmbeddedSwingComposite.java:492) ~[com.st.stm32cube.common.mx.oss_6.15.0.202507011659/:?]
	at com.st.stm32cube.common.mx.oss.core.awtswtbridge.EmbeddedSwingComposite$4.run(EmbeddedSwingComposite.java:291) ~[com.st.stm32cube.common.mx.oss_6.15.0.202507011659/:?]
	at com.st.stm32cube.common.mx.oss.core.awtswtbridge.AwtEnvironment$2.run(AwtEnvironment.java:166) ~[com.st.stm32cube.common.mx.oss_6.15.0.202507011659/:?]
	at java.awt.event.InvocationEvent.dispatch(InvocationEvent.java:318) ~[?:?]
	at java.awt.EventQueue.dispatchEventImpl(EventQueue.java:773) ~[?:?]
	at java.awt.EventQueue$4.run(EventQueue.java:720) ~[?:?]
	at java.awt.EventQueue$4.run(EventQueue.java:714) ~[?:?]
	at java.security.AccessController.doPrivileged(AccessController.java:400) ~[?:?]
	at java.security.ProtectionDomain$JavaSecurityAccessImpl.doIntersectionPrivilege(ProtectionDomain.java:87) ~[?:?]
	at java.awt.EventQueue.dispatchEvent(EventQueue.java:742) ~[?:?]
	at java.awt.EventDispatchThread.pumpOneEventForFilters(EventDispatchThread.java:203) ~[?:?]
	at java.awt.EventDispatchThread.pumpEventsForFilter(EventDispatchThread.java:124) ~[?:?]
	at java.awt.EventDispatchThread.pumpEventsForHierarchy(EventDispatchThread.java:113) ~[?:?]
	at java.awt.EventDispatchThread.pumpEvents(EventDispatchThread.java:109) ~[?:?]
	at java.awt.EventDispatchThread.pumpEvents(EventDispatchThread.java:101) ~[?:?]
	at java.awt.EventDispatchThread.run(EventDispatchThread.java:90) ~[?:?]
2026-04-16 01:28:14,162 [WARN] ThirdParty:871 - waiting for thirdparty lock release [close project]
2026-04-16 01:28:14,162 [INFO] ThirdParty:873 - entering critical section [close project]
2026-04-16 01:28:14,162 [INFO] ThirdParty:883 - exiting critical section [close project]
2026-04-16 01:28:14,169 [INFO] PinOutPanel:1589 - setPackage(No Configuration,No Configuration)
2026-04-16 01:28:14,191 [INFO] UtilMem:75 - Begin LoadConfig() Used Memory: 878744520 Bytes (1073741824)
2026-04-16 01:28:14,192 [INFO] MicroXplorer:468 - Change Database Path : 
2026-04-16 01:28:14,192 [INFO] MicroXplorer:498 - Change Database Version : DB.6.0.150
2026-04-16 01:28:14,192 [INFO] OpenFileManager:355 - Change cursor
2026-04-16 01:28:14,239 [INFO] RulesReader:64 - Compatibility file has been processed (317 Rules)
2026-04-16 01:28:14,249 [INFO] Mcu:2029 - Initializing MCU STM32G474R(B-C-E)Tx STM32G474RETx STM32G474RET6
2026-04-16 01:28:19,087 [INFO] Context:786 - Trying to add GPIOservice into a context  which must be forbidden
2026-04-16 01:28:20,644 [INFO] ApiDbMcu:532 - Load IP Config File for NUCLEO-G474RE
2026-04-16 01:28:20,852 [INFO] ImportTextPane:234 - (OptionalMessage_ERROR) Pin17 (VP_RIF_VS_RIF1) cannot be retrieved for this MCU
2026-04-16 01:28:20,931 [INFO] RtosManager:558 - Registered RTOS mode: class=CMSIS, group=RTOS, mode=CMSIS_V1, owner=FREERTOS
2026-04-16 01:28:20,931 [INFO] RtosManager:558 - Registered RTOS mode: class=CMSIS, group=RTOS2, mode=CMSIS_V2, owner=FREERTOS
2026-04-16 01:28:20,931 [INFO] RtosManager:558 - Registered RTOS mode: class=RTOS, group=Core, mode=CMSIS_V1, owner=FREERTOS
2026-04-16 01:28:20,931 [INFO] RtosManager:558 - Registered RTOS mode: class=RTOS, group=Core, mode=CMSIS_V2, owner=FREERTOS
2026-04-16 01:28:20,931 [WARN] ModelIntegratedComponent:184 - Missing modes for component STMicroelectronics:FreeRTOS:0.0.1:STMicroelectronics:RTOS:FreeRTOS:Core:::10.2.0:
2026-04-16 01:28:20,931 [WARN] ModelIntegratedComponent:63 - No mode defined for component null
2026-04-16 01:28:20,931 [WARN] ModelIntegratedComponent:63 - No mode defined for component null
2026-04-16 01:28:20,931 [WARN] ModelIntegratedComponent:63 - No mode defined for component null
2026-04-16 01:28:20,931 [WARN] ModelIntegratedComponent:63 - No mode defined for component null
2026-04-16 01:28:20,931 [WARN] ModelIntegratedComponent:63 - No mode defined for component null
2026-04-16 01:28:20,931 [WARN] ModelIntegratedComponent:63 - No mode defined for component null
2026-04-16 01:28:20,931 [WARN] ModelIntegratedComponent:63 - No mode defined for component null
2026-04-16 01:28:20,931 [WARN] ModelIntegratedComponent:63 - No mode defined for component null
2026-04-16 01:28:20,931 [WARN] ModelIntegratedComponent:63 - No mode defined for component null
2026-04-16 01:28:20,931 [WARN] ModelIntegratedComponent:63 - No mode defined for component null
2026-04-16 01:28:20,931 [WARN] ModelIntegratedComponent:63 - No mode defined for component null
2026-04-16 01:28:20,931 [WARN] ModelIntegratedComponent:63 - No mode defined for component null
2026-04-16 01:28:20,931 [WARN] ModelIntegratedComponent:63 - No mode defined for component null
2026-04-16 01:28:20,931 [WARN] ModelIntegratedComponent:63 - No mode defined for component null
2026-04-16 01:28:20,931 [WARN] ModelIntegratedComponent:63 - No mode defined for component null
2026-04-16 01:28:20,931 [WARN] ModelIntegratedComponent:63 - No mode defined for component null
2026-04-16 01:28:20,931 [WARN] ModelIntegratedComponent:63 - No mode defined for component null
2026-04-16 01:28:20,931 [WARN] ModelIntegratedComponent:63 - No mode defined for component null
2026-04-16 01:28:20,931 [WARN] ModelIntegratedComponent:63 - No mode defined for component null
2026-04-16 01:28:20,931 [WARN] ModelIntegratedComponent:63 - No mode defined for component null
2026-04-16 01:28:20,931 [WARN] ModelIntegratedComponent:63 - No mode defined for component null
2026-04-16 01:28:20,931 [WARN] ModelIntegratedComponent:63 - No mode defined for component null
2026-04-16 01:28:20,931 [WARN] ModelIntegratedComponent:63 - No mode defined for component null
2026-04-16 01:28:20,931 [WARN] ModelIntegratedComponent:63 - No mode defined for component null
2026-04-16 01:28:20,931 [WARN] ModelIntegratedComponent:63 - No mode defined for component null
2026-04-16 01:28:20,931 [WARN] ModelIntegratedComponent:63 - No mode defined for component null
2026-04-16 01:28:20,931 [WARN] ModelIntegratedComponent:63 - No mode defined for component null
2026-04-16 01:28:20,947 [WARN] ModelIntegratedComponent:63 - No mode defined for component null
2026-04-16 01:28:20,947 [WARN] ModelIntegratedComponent:63 - No mode defined for component null
2026-04-16 01:28:20,947 [WARN] ModelIntegratedComponent:63 - No mode defined for component null
2026-04-16 01:28:20,947 [WARN] ModelIntegratedComponent:63 - No mode defined for component null
2026-04-16 01:28:20,947 [WARN] ModelIntegratedComponent:63 - No mode defined for component null
2026-04-16 01:28:20,947 [WARN] ModelIntegratedComponent:63 - No mode defined for component null
2026-04-16 01:28:20,947 [WARN] ModelIntegratedComponent:63 - No mode defined for component null
2026-04-16 01:28:20,947 [WARN] ModelIntegratedComponent:63 - No mode defined for component null
2026-04-16 01:28:20,947 [WARN] ModelPack:524 - Component already loaded: STMicroelectronics:HAL Drivers:0.0.0:STMicroelectronics:Device:STMicro_Driver:XSPI:HAL::0.0.1:HAL_XSPI
2026-04-16 01:28:21,122 [INFO] ThirdPartyModel:298 - Start build external matchings
2026-04-16 01:28:21,955 [INFO] ThirdPartyModel:316 - End build external matchings
2026-04-16 01:28:22,617 [INFO] UtilMem:75 - End LoadConfig() Used Memory: 927014416 Bytes (1073741824)
2026-04-16 01:28:22,676 [WARN] ThirdParty:833 - waiting for thirdparty lock release [change project]
2026-04-16 01:28:22,677 [INFO] ThirdParty:835 - entering critical section [change project]
2026-04-16 01:28:22,677 [INFO] ThirdParty:1030 - CMSIS Pack Vendor :STMicroelectronics X-CUBE-AZRTOS-H7 3.5.0
2026-04-16 01:28:22,677 [INFO] ThirdParty:1030 - CMSIS Pack Vendor :STMicroelectronics X-CUBE-PM33A1 1.0.0
2026-04-16 01:28:22,677 [INFO] ThirdParty:1030 - CMSIS Pack Vendor :STMicroelectronics USBPD 4.1
2026-04-16 01:28:22,677 [INFO] ThirdParty:1030 - CMSIS Pack Vendor :STMicroelectronics USB_HOST 2.0.0
2026-04-16 01:28:22,677 [INFO] ThirdParty:1030 - CMSIS Pack Vendor :STMicroelectronics FP-SNS-MOTENVWB1 1.4.0
2026-04-16 01:28:22,677 [INFO] ThirdParty:1030 - CMSIS Pack Vendor :STMicroelectronics X-CUBE-AZRTOS-F4 1.1.0
2026-04-16 01:28:22,677 [INFO] ThirdParty:1030 - CMSIS Pack Vendor :STMicroelectronics LIBJPEG 8.0.0
2026-04-16 01:28:22,677 [INFO] ThirdParty:1030 - CMSIS Pack Vendor :STMicroelectronics FP-ATR-ASTRA1 2.0.2
2026-04-16 01:28:22,678 [INFO] ThirdParty:1030 - CMSIS Pack Vendor :STMicroelectronics X-CUBE-SMBUS 2.1.0
2026-04-16 01:28:22,678 [INFO] ThirdParty:1030 - CMSIS Pack Vendor :STMicroelectronics X-CUBE-ISPU 2.1.0
2026-04-16 01:28:22,678 [INFO] ThirdParty:1030 - CMSIS Pack Vendor :STMicroelectronics X-CUBE-IPS 3.2.0
2026-04-16 01:28:22,678 [INFO] ThirdParty:1030 - CMSIS Pack Vendor :STMicroelectronics eDS-WB_DPC_TT-BIDIR 2.1.1
2026-04-16 01:28:22,678 [INFO] ThirdParty:1030 - CMSIS Pack Vendor :STMicroelectronics X-CUBE-ST60 1.0.0
2026-04-16 01:28:22,678 [INFO] ThirdParty:1030 - CMSIS Pack Vendor :STMicroelectronics X-CUBE-NFC12 1.0.0
2026-04-16 01:28:22,678 [INFO] ThirdParty:1030 - CMSIS Pack Vendor :STMicroelectronics X-CUBE-AZRTOS-F7 1.1.0
2026-04-16 01:28:22,678 [INFO] ThirdParty:1030 - CMSIS Pack Vendor :STMicroelectronics X-CUBE-AZRTOS-L5 2.0.0
2026-04-16 01:28:22,678 [INFO] ThirdParty:1030 - CMSIS Pack Vendor :STMicroelectronics USB_DEVICE 2.0.0
2026-04-16 01:28:22,678 [INFO] ThirdParty:1030 - CMSIS Pack Vendor :STMicroelectronics X-CUBE-NFC6 3.1.0
2026-04-16 01:28:22,678 [INFO] ThirdParty:1030 - CMSIS Pack Vendor :Cesanta I-CUBE-Mongoose 7.19.0
2026-04-16 01:28:22,678 [INFO] ThirdParty:1030 - CMSIS Pack Vendor :ARM CMSIS 5.7.0
2026-04-16 01:28:22,678 [INFO] ThirdParty:1030 - CMSIS Pack Vendor :STMicroelectronics FP-SNS-MOTENV1 5.1.0
2026-04-16 01:28:22,678 [INFO] ThirdParty:1030 - CMSIS Pack Vendor :STMicroelectronics FreeRTOS 0.0.1
2026-04-16 01:28:22,678 [INFO] ThirdParty:1030 - CMSIS Pack Vendor :STMicroelectronics eDS-WB_DPC_VIENNA 1.2.0
2026-04-16 01:28:22,678 [INFO] ThirdParty:1030 - CMSIS Pack Vendor :WES I-CUBE-Cesium 1.4.0
2026-04-16 01:28:22,679 [INFO] ThirdParty:1030 - CMSIS Pack Vendor :STMicroelectronics eDS-WB_DPC_3PH2L-BIDIR 1.1.1
2026-04-16 01:28:22,679 [INFO] ThirdParty:1030 - CMSIS Pack Vendor :Infineon AIROC-Wi-Fi-Bluetooth-STM32 1.7.1
2026-04-16 01:28:22,679 [INFO] ThirdParty:1030 - CMSIS Pack Vendor :STMicroelectronics PDM2PCM 3.3.0
2026-04-16 01:28:22,679 [INFO] ThirdParty:1030 - CMSIS Pack Vendor :STMicroelectronics X-CUBE-AZRTOS-H7 3.4.0
2026-04-16 01:28:22,679 [INFO] ThirdParty:1030 - CMSIS Pack Vendor :STMicroelectronics X-CUBE-DISPLAY 3.0.0
2026-04-16 01:28:22,679 [INFO] ThirdParty:1030 - CMSIS Pack Vendor :STMicroelectronics FP-SNS-MOTENVWB1 1.5.0
2026-04-16 01:28:22,679 [INFO] ThirdParty:1030 - CMSIS Pack Vendor :STMicroelectronics X-CUBE-NFC10 1.0.0
2026-04-16 01:28:22,679 [INFO] ThirdParty:1030 - CMSIS Pack Vendor :STMicroelectronics X-CUBE-FREERTOS 1.3.1
2026-04-16 01:28:22,679 [INFO] ThirdParty:1030 - CMSIS Pack Vendor :STMicroelectronics HAL Drivers 0.0.0
2026-04-16 01:28:22,679 [INFO] ThirdParty:1030 - CMSIS Pack Vendor :STMicroelectronics X-CUBE-ST60 1.1.0
2026-04-16 01:28:22,679 [INFO] ThirdParty:1030 - CMSIS Pack Vendor :emotas I-CUBE-CANOPEN 1.3.0
2026-04-16 01:28:22,679 [INFO] ThirdParty:1030 - CMSIS Pack Vendor :STMicroelectronics MBEDTLS 2.14.1
2026-04-16 01:28:22,679 [INFO] ThirdParty:1030 - CMSIS Pack Vendor :STMicroelectronics X-CUBE-GNSS1 7.1.0
2026-04-16 01:28:22,679 [INFO] ThirdParty:1030 - CMSIS Pack Vendor :STMicroelectronics X-CUBE-TOUCHGFX 4.26.0
2026-04-16 01:28:22,680 [INFO] ThirdParty:1030 - CMSIS Pack Vendor :STMicroelectronics X-CUBE-TOUCHGFX 4.26.1
2026-04-16 01:28:22,680 [INFO] ThirdParty:1030 - CMSIS Pack Vendor :STMicroelectronics FP-SNS-STBOX1 2.1.0
2026-04-16 01:28:22,680 [INFO] ThirdParty:1030 - CMSIS Pack Vendor :STMicroelectronics FP-SNS-STAIOTCFT 1.0.0
2026-04-16 01:28:22,680 [INFO] ThirdParty:1030 - CMSIS Pack Vendor :STMicroelectronics FP-SNS-SMARTAG2 1.2.0
2026-04-16 01:28:22,680 [INFO] ThirdParty:1030 - CMSIS Pack Vendor :STMicroelectronics FP-SNS-FLIGHT1 5.1.0
2026-04-16 01:28:22,680 [INFO] ThirdParty:1030 - CMSIS Pack Vendor :STMicroelectronics X-CUBE-AZRTOS-WL 2.0.0
2026-04-16 01:28:22,680 [INFO] ThirdParty:1030 - CMSIS Pack Vendor :STMicroelectronics X-CUBE-DPower 1.3.0
2026-04-16 01:28:22,680 [INFO] ThirdParty:1030 - CMSIS Pack Vendor :STMicroelectronics FP-SNS-MOTENV1 5.0.0
2026-04-16 01:28:22,680 [INFO] ThirdParty:1030 - CMSIS Pack Vendor :STMicroelectronics USB_DEVICE 1.0.0
2026-04-16 01:28:22,680 [INFO] ThirdParty:1030 - CMSIS Pack Vendor :STMicroelectronics X-CUBE-AZRTOS-H7RS 1.2.0
2026-04-16 01:28:22,680 [INFO] ThirdParty:1030 - CMSIS Pack Vendor :STMicroelectronics X-CUBE-AZRTOS-L4 2.0.0
2026-04-16 01:28:22,680 [INFO] ThirdParty:1030 - CMSIS Pack Vendor :STMicroelectronics ThreadX 0.0.2
2026-04-16 01:28:22,680 [INFO] ThirdParty:1030 - CMSIS Pack Vendor :STMicroelectronics lwIP 2.1.2
2026-04-16 01:28:22,680 [INFO] ThirdParty:1030 - CMSIS Pack Vendor :STMicroelectronics X-CUBE-SFXS2LP1 4.0.0
2026-04-16 01:28:22,680 [INFO] ThirdParty:1030 - CMSIS Pack Vendor :STMicroelectronics X-CUBE-BLE2 3.3.0
2026-04-16 01:28:22,680 [INFO] ThirdParty:1030 - CMSIS Pack Vendor :Avnet-IOTCONNECT X-CUBE-iotc-st67-sdk 1.0.0
2026-04-16 01:28:22,680 [INFO] ThirdParty:1030 - CMSIS Pack Vendor :Infineon AIROC-Wi-Fi-Bluetooth-STM32 1.8.0
2026-04-16 01:28:22,681 [INFO] ThirdParty:1030 - CMSIS Pack Vendor :STMicroelectronics PDM2PCM 3.2.0
2026-04-16 01:28:22,681 [INFO] ThirdParty:1030 - CMSIS Pack Vendor :STMicroelectronics X-CUBE-WB05N 2.1.0
2026-04-16 01:28:22,681 [INFO] ThirdParty:1030 - CMSIS Pack Vendor :STMicroelectronics X-CUBE-ST67W61 1.2.0
2026-04-16 01:28:22,681 [INFO] ThirdParty:1030 - CMSIS Pack Vendor :STMicroelectronics X-CUBE-NFC9 1.0.0
2026-04-16 01:28:22,681 [INFO] ThirdParty:1030 - CMSIS Pack Vendor :wolfSSL I-CUBE-wolfSSL 5.8.2
2026-04-16 01:28:22,681 [INFO] ThirdParty:1030 - CMSIS Pack Vendor :STMicroelectronics X-CUBE-BLE1 7.1.0
2026-04-16 01:28:22,681 [INFO] ThirdParty:1030 - CMSIS Pack Vendor :wolfSSL I-CUBE-wolfMQTT 1.19.2
2026-04-16 01:28:22,681 [INFO] ThirdParty:1030 - CMSIS Pack Vendor :STMicroelectronics USB_DEVICE 3.0.0
2026-04-16 01:28:22,681 [INFO] ThirdParty:1030 - CMSIS Pack Vendor :STMicroelectronics X-CUBE-FREERTOS 1.4.0
2026-04-16 01:28:22,681 [INFO] ThirdParty:1030 - CMSIS Pack Vendor :STMicroelectronics X-CUBE-EEPRMA1 5.2.0
2026-04-16 01:28:22,681 [INFO] ThirdParty:1030 - CMSIS Pack Vendor :STMicroelectronics X-CUBE-BLEMGR 4.1.0
2026-04-16 01:28:22,682 [INFO] ThirdParty:1030 - CMSIS Pack Vendor :STMicroelectronics X-CUBE-AZRTOS-WB 2.0.0
2026-04-16 01:28:22,682 [INFO] ThirdParty:1030 - CMSIS Pack Vendor :wolfSSL I-CUBE-wolfSSL 5.8.4
2026-04-16 01:28:22,682 [INFO] ThirdParty:1030 - CMSIS Pack Vendor :Cesanta I-CUBE-Mongoose 7.20.0
2026-04-16 01:28:22,682 [INFO] ThirdParty:1030 - CMSIS Pack Vendor :STMicroelectronics X-CUBE-GNSS1 7.0.1
2026-04-16 01:28:22,682 [INFO] ThirdParty:1030 - CMSIS Pack Vendor :STMicroelectronics X-CUBE-ST67W61 1.1.0
2026-04-16 01:28:22,682 [INFO] ThirdParty:1030 - CMSIS Pack Vendor :quantropi X-CUBE-qispace-sdk-base 2.1.0
2026-04-16 01:28:22,682 [INFO] ThirdParty:1030 - CMSIS Pack Vendor :STMicroelectronics X-CUBE-MEMS1 12.0.0
2026-04-16 01:28:22,682 [INFO] ThirdParty:1030 - CMSIS Pack Vendor :STMicroelectronics X-CUBE-STSE01 2.0.0
2026-04-16 01:28:22,682 [INFO] ThirdParty:1030 - CMSIS Pack Vendor :STMicroelectronics X-CUBE-AZRTOS-G0 1.1.0
2026-04-16 01:28:22,682 [INFO] ThirdParty:1030 - CMSIS Pack Vendor :STMicroelectronics X-CUBE-SAFEA1 1.2.2
2026-04-16 01:28:22,682 [INFO] ThirdParty:1030 - CMSIS Pack Vendor :STMicroelectronics X-CUBE-NFC4 3.0.0
2026-04-16 01:28:22,682 [INFO] ThirdParty:1030 - CMSIS Pack Vendor :STMicroelectronics X-CUBE-SUBG2 5.0.0
2026-04-16 01:28:22,682 [INFO] ThirdParty:1030 - CMSIS Pack Vendor :STMicroelectronics X-CUBE-AZRTOS-H7RS 1.1.0
2026-04-16 01:28:22,682 [INFO] ThirdParty:1030 - CMSIS Pack Vendor :STMicroelectronics STM32_WPAN 1.0.0
2026-04-16 01:28:22,682 [INFO] ThirdParty:1030 - CMSIS Pack Vendor :EmbeddedOffice I-CUBE-FS-RTOS 1.0.1
2026-04-16 01:28:22,682 [INFO] ThirdParty:1030 - CMSIS Pack Vendor :STMicroelectronics lwIP 2.0.3
2026-04-16 01:28:22,682 [INFO] ThirdParty:1030 - CMSIS Pack Vendor :STMicroelectronics USB_HOST 1.0.0
2026-04-16 01:28:22,682 [INFO] ThirdParty:1030 - CMSIS Pack Vendor :STMicroelectronics X-CUBE-AZRTOS-G4 2.0.0
2026-04-16 01:28:22,682 [INFO] ThirdParty:1030 - CMSIS Pack Vendor :STMicroelectronics X-CUBE-WB05N 2.0.0
2026-04-16 01:28:22,682 [INFO] ThirdParty:1030 - CMSIS Pack Vendor :STMicroelectronics PDM2PCM 3.1.0
2026-04-16 01:28:22,682 [INFO] ThirdParty:1030 - CMSIS Pack Vendor :wolfSSL I-CUBE-wolfTPM 3.8.0
2026-04-16 01:28:22,683 [INFO] ThirdParty:1030 - CMSIS Pack Vendor :wolfSSL I-CUBE-wolfSSH 1.4.20
2026-04-16 01:28:22,683 [INFO] ThirdParty:1030 - CMSIS Pack Vendor :STMicroelectronics X-CUBE-NFC7 2.0.0
2026-04-16 01:28:22,683 [INFO] ThirdParty:1030 - CMSIS Pack Vendor :STMicroelectronics X-CUBE-TCPP 4.2.0
2026-04-16 01:28:22,683 [INFO] ThirdParty:1030 - CMSIS Pack Vendor :RealThread X-CUBE-RT-Thread_Nano 4.1.1
2026-04-16 01:28:22,683 [INFO] ThirdParty:1030 - CMSIS Pack Vendor :STMicroelectronics FP-ATR-SIGFOX1 3.2.0
2026-04-16 01:28:22,683 [INFO] ThirdParty:1030 - CMSIS Pack Vendor :STMicroelectronics X-CUBE-FREERTOS 1.5.0
2026-04-16 01:28:22,683 [INFO] ThirdParty:1030 - CMSIS Pack Vendor :STMicroelectronics MBEDTLS 2.16.2
2026-04-16 01:28:22,683 [INFO] ThirdParty:1030 - CMSIS Pack Vendor :STMicroelectronics X-CUBE-IPS 3.1.0
2026-04-16 01:28:22,683 [INFO] ThirdParty:1030 - CMSIS Pack Vendor :STMicroelectronics X-CUBE-ALS 1.0.2
2026-04-16 01:28:22,683 [INFO] ThirdParty:1030 - CMSIS Pack Vendor :ITTIA_DB I-CUBE-ITTIADB 8.9.0
2026-04-16 01:28:22,683 [INFO] ThirdParty:1030 - CMSIS Pack Vendor :STMicroelectronics X-CUBE-STSE01 1.0.0
2026-04-16 01:28:22,683 [INFO] ThirdParty:1030 - CMSIS Pack Vendor :STMicroelectronics X-CUBE-NFC6 3.2.0
2026-04-16 01:28:22,683 [INFO] ThirdParty:1030 - CMSIS Pack Vendor :STMicroelectronics X-CUBE-ST67W61 1.0.0
2026-04-16 01:28:22,683 [INFO] ThirdParty:1030 - CMSIS Pack Vendor :STMicroelectronics X-CUBE-AI 10.2.0
2026-04-16 01:28:22,683 [INFO] ThirdParty:1030 - CMSIS Pack Vendor :STMicroelectronics ThreadX 1.0.0
2026-04-16 01:28:22,684 [INFO] ThirdParty:1030 - CMSIS Pack Vendor :SEGGER I-CUBE-embOS 1.3.1
2026-04-16 01:28:22,684 [INFO] ThirdParty:1030 - CMSIS Pack Vendor :STMicroelectronics X-CUBE-ALGOBUILD 1.4.0
2026-04-16 01:28:22,684 [INFO] ThirdParty:1030 - CMSIS Pack Vendor :STMicroelectronics X-CUBE-MEMS1 11.3.0
2026-04-16 01:28:22,684 [INFO] ThirdParty:1030 - CMSIS Pack Vendor :STMicroelectronics X-CUBE-TOF1 3.4.3
2026-04-16 01:28:22,684 [INFO] ThirdParty:841 - exiting critical section [change project]
2026-04-16 01:28:23,112 [INFO] PinOutPanel:1589 - setPackage(No Configuration,No Configuration)
2026-04-16 01:28:23,113 [INFO] PinOutPanel:1589 - setPackage(STM32G474RETx,LQFP64)
2026-04-16 01:28:23,391 [INFO] UtilMem:75 - Before build in PCC Used Memory: 990587504 Bytes (1073741824)
2026-04-16 01:28:23,756 [INFO] UtilMem:75 - After build in PCC Used Memory: 910433360 Bytes (1073741824)
2026-04-16 01:28:23,779 [INFO] IPUIPlugin:80 - create IPUIPlugin
2026-04-16 01:28:23,779 [INFO] IPUIPlugin:80 - create IPUIPlugin
2026-04-16 01:28:23,779 [INFO] IPUIPlugin:80 - create IPUIPlugin
2026-04-16 01:28:23,779 [INFO] IPUIPlugin:80 - create IPUIPlugin
2026-04-16 01:28:23,779 [INFO] IPUIPlugin:80 - create IPUIPlugin
2026-04-16 01:28:23,779 [INFO] IPUIPlugin:80 - create IPUIPlugin
2026-04-16 01:28:23,779 [INFO] IPUIPlugin:80 - create IPUIPlugin
2026-04-16 01:28:23,779 [INFO] IPUIPlugin:80 - create IPUIPlugin
2026-04-16 01:28:23,779 [INFO] IPUIPlugin:80 - create IPUIPlugin
2026-04-16 01:28:23,779 [INFO] IPUIPlugin:80 - create IPUIPlugin
2026-04-16 01:28:23,779 [INFO] IPUIPlugin:80 - create IPUIPlugin
2026-04-16 01:28:23,779 [INFO] IPUIPlugin:80 - create IPUIPlugin
2026-04-16 01:28:23,787 [INFO] IPUIPlugin:80 - create IPUIPlugin
2026-04-16 01:28:23,787 [INFO] IPUIPlugin:80 - create IPUIPlugin
2026-04-16 01:28:23,787 [INFO] IPUIPlugin:80 - create IPUIPlugin
2026-04-16 01:28:23,787 [INFO] IPUIPlugin:80 - create IPUIPlugin
2026-04-16 01:28:23,787 [INFO] IPUIPlugin:80 - create IPUIPlugin
2026-04-16 01:28:23,787 [INFO] IPUIPlugin:80 - create IPUIPlugin
2026-04-16 01:28:23,787 [INFO] IPUIPlugin:80 - create IPUIPlugin
2026-04-16 01:28:23,787 [INFO] IPUIPlugin:80 - create IPUIPlugin
2026-04-16 01:28:23,787 [INFO] IPUIPlugin:80 - create IPUIPlugin
2026-04-16 01:28:23,787 [INFO] IPUIPlugin:80 - create IPUIPlugin
2026-04-16 01:28:23,787 [INFO] IPUIPlugin:80 - create IPUIPlugin
2026-04-16 01:28:23,787 [INFO] IPUIPlugin:80 - create IPUIPlugin
2026-04-16 01:28:23,787 [INFO] IPUIPlugin:80 - create IPUIPlugin
2026-04-16 01:28:23,787 [INFO] IPUIPlugin:80 - create IPUIPlugin
2026-04-16 01:28:23,787 [INFO] IPUIPlugin:80 - create IPUIPlugin
2026-04-16 01:28:23,787 [INFO] IPUIPlugin:80 - create IPUIPlugin
2026-04-16 01:28:23,787 [INFO] IPUIPlugin:80 - create IPUIPlugin
2026-04-16 01:28:23,787 [INFO] IPUIPlugin:80 - create IPUIPlugin
2026-04-16 01:28:23,787 [INFO] IPUIPlugin:80 - create IPUIPlugin
2026-04-16 01:28:23,787 [INFO] IPUIPlugin:80 - create IPUIPlugin
2026-04-16 01:28:23,787 [INFO] IPUIPlugin:80 - create IPUIPlugin
2026-04-16 01:28:23,787 [INFO] IPUIPlugin:80 - create IPUIPlugin
2026-04-16 01:28:23,787 [INFO] IPUIPlugin:80 - create IPUIPlugin
2026-04-16 01:28:23,787 [INFO] IPUIPlugin:80 - create IPUIPlugin
2026-04-16 01:28:23,787 [INFO] IPUIPlugin:80 - create IPUIPlugin
2026-04-16 01:28:23,787 [INFO] IPUIPlugin:80 - create IPUIPlugin
2026-04-16 01:28:23,787 [INFO] IPUIPlugin:80 - create IPUIPlugin
2026-04-16 01:28:23,791 [INFO] IPUIPlugin:80 - create IPUIPlugin
2026-04-16 01:28:23,791 [INFO] IPUIPlugin:80 - create IPUIPlugin
2026-04-16 01:28:23,791 [INFO] IPUIPlugin:80 - create IPUIPlugin
2026-04-16 01:28:23,791 [INFO] IPUIPlugin:80 - create IPUIPlugin
2026-04-16 01:28:23,791 [INFO] IPUIPlugin:80 - create IPUIPlugin
2026-04-16 01:28:23,791 [INFO] IPUIPlugin:80 - create IPUIPlugin
2026-04-16 01:28:23,791 [INFO] IPUIPlugin:80 - create IPUIPlugin
2026-04-16 01:28:23,791 [INFO] IPUIPlugin:80 - create IPUIPlugin
2026-04-16 01:28:23,791 [INFO] IPUIPlugin:80 - create IPUIPlugin
2026-04-16 01:28:23,791 [INFO] IPUIPlugin:80 - create IPUIPlugin
2026-04-16 01:28:23,791 [INFO] IPUIPlugin:80 - create IPUIPlugin
2026-04-16 01:28:23,791 [INFO] IPUIPlugin:80 - create IPUIPlugin
2026-04-16 01:28:23,791 [INFO] IPUIPlugin:80 - create IPUIPlugin
2026-04-16 01:28:23,794 [INFO] IPUIPlugin:80 - create IPUIPlugin
2026-04-16 01:28:23,794 [INFO] IPUIPlugin:80 - create IPUIPlugin
2026-04-16 01:28:23,794 [INFO] IPUIPlugin:80 - create IPUIPlugin
2026-04-16 01:28:23,794 [INFO] IPUIPlugin:80 - create IPUIPlugin
2026-04-16 01:28:23,794 [INFO] IPUIPlugin:80 - create IPUIPlugin
2026-04-16 01:28:23,794 [INFO] IPUIPlugin:80 - create IPUIPlugin
2026-04-16 01:28:23,794 [INFO] IPUIPlugin:80 - create IPUIPlugin
2026-04-16 01:28:23,794 [INFO] IPUIPlugin:80 - create IPUIPlugin
2026-04-16 01:28:23,794 [INFO] IPUIPlugin:80 - create IPUIPlugin
2026-04-16 01:28:23,794 [INFO] IPUIPlugin:80 - create IPUIPlugin
2026-04-16 01:28:23,794 [INFO] IPUIPlugin:80 - create IPUIPlugin
2026-04-16 01:28:23,794 [INFO] IPUIPlugin:80 - create IPUIPlugin
2026-04-16 01:28:23,794 [INFO] IPUIPlugin:80 - create IPUIPlugin
2026-04-16 01:28:23,794 [INFO] IPUIPlugin:80 - create IPUIPlugin
2026-04-16 01:28:23,794 [INFO] IPUIPlugin:80 - create IPUIPlugin
2026-04-16 01:28:23,794 [INFO] IPUIPlugin:80 - create IPUIPlugin
2026-04-16 01:28:23,794 [INFO] IPUIPlugin:80 - create IPUIPlugin
2026-04-16 01:28:23,794 [INFO] IPUIPlugin:80 - create IPUIPlugin
2026-04-16 01:28:23,794 [INFO] IPUIPlugin:80 - create IPUIPlugin
2026-04-16 01:28:23,794 [INFO] IPUIPlugin:80 - create IPUIPlugin
2026-04-16 01:28:23,794 [INFO] IPUIPlugin:80 - create IPUIPlugin
2026-04-16 01:28:23,794 [INFO] IPUIPlugin:80 - create IPUIPlugin
2026-04-16 01:28:23,794 [INFO] IPUIPlugin:80 - create IPUIPlugin
2026-04-16 01:28:23,799 [INFO] IPUIPlugin:80 - create IPUIPlugin
2026-04-16 01:28:23,799 [INFO] IPUIPlugin:80 - create IPUIPlugin
2026-04-16 01:28:23,799 [INFO] IPUIPlugin:80 - create IPUIPlugin
2026-04-16 01:28:23,869 [INFO] CADModel:165 - CPN selected for project levelSTM32G474RET6
2026-04-16 01:28:23,869 [INFO] CADModel:114 - Register for checkConnection events
2026-04-16 01:28:23,949 [INFO] OpenFileManager:386 - Restore cursor
2026-04-16 01:28:56,503 [INFO] ApiDbMcu:532 - Load IP Config File for ARM.CMSIS.5.7.0
2026-04-16 01:28:56,663 [WARN] SupportedApi:132 - Cannot load RTOS API schema: s4s-elt-must-match.1: The content of 'definitions' must match (annotation?, (simpleType | complexType)?, (unique | key | keyref)*)). A problem was found starting at: attribute.
2026-04-16 01:28:57,201 [INFO] IPUIPlugin:80 - create IPUIPlugin
2026-04-16 01:29:08,165 [INFO] UtilMem:75 - End SaveConfig() Used Memory: 982508976 Bytes (1073741824)
2026-04-16 01:29:09,969 [INFO] UtilMem:75 - End SaveConfig() Used Memory: 823734328 Bytes (1073741824)
2026-04-16 01:29:10,464 [INFO] BlockDiagram:2775 - set Specific Code input for plugin: TIM1_8G4
2026-04-16 01:29:10,464 [INFO] BlockDiagram:2775 - set Specific Code input for plugin: TIM1_8G4
2026-04-16 01:29:10,464 [INFO] BlockDiagram:2775 - set Specific Code input for plugin: ARM.CMSIS.5.7.0
2026-04-16 01:29:10,464 [INFO] BlockDiagram:2775 - set Specific Code input for plugin: SYS
2026-04-16 01:29:10,464 [INFO] BlockDiagram:2775 - set Specific Code input for plugin: RCC
2026-04-16 01:29:10,464 [INFO] BlockDiagram:2775 - set Specific Code input for plugin: LPUART
2026-04-16 01:29:10,464 [INFO] BlockDiagram:2775 - set Specific Code input for plugin: NVIC
2026-04-16 01:29:10,464 [INFO] BlockDiagram:2775 - set Specific Code input for plugin: GPIO
2026-04-16 01:29:10,472 [WARN] ThirdPartyIpManager:480 - Condition 'TrustZone' not fulfilled in pack 'ARM.CMSIS.5.7.0'
2026-04-16 01:29:10,472 [WARN] ThirdPartyRefParameterProcessor:173 - Condition 'TrustZone;(SIiDtzIiTZ)' has not the same result using Semaphore or Dynamic solver for pack 'ARM.CMSIS.5.7.0''
2026-04-16 01:29:10,472 [WARN] ThirdPartyIpManager:480 - Condition 'TZ Secure' not fulfilled in pack 'ARM.CMSIS.5.7.0'
2026-04-16 01:29:10,472 [WARN] ThirdPartyRefParameterProcessor:173 - Condition 'TZ Secure;(SIiDtzIiTZ&SIiDsecureIiSecure)' has not the same result using Semaphore or Dynamic solver for pack 'ARM.CMSIS.5.7.0''
2026-04-16 01:29:10,472 [WARN] ThirdPartyIpManager:480 - Condition 'TZ Secure' not fulfilled in pack 'ARM.CMSIS.5.7.0'
2026-04-16 01:29:10,472 [WARN] ThirdPartyRefParameterProcessor:173 - Condition 'TZ Secure;(SIiDtzIiTZ&SIiDsecureIiSecure)' has not the same result using Semaphore or Dynamic solver for pack 'ARM.CMSIS.5.7.0''
2026-04-16 01:29:10,473 [WARN] ThirdPartyIpManager:480 - Condition 'CM0_LE_ARMCC' not fulfilled in pack 'ARM.CMSIS.5.7.0'
2026-04-16 01:29:10,474 [WARN] ThirdPartyIpManager:480 - Condition 'CM0_BE_ARMCC' not fulfilled in pack 'ARM.CMSIS.5.7.0'
2026-04-16 01:29:10,474 [WARN] ThirdPartyIpManager:480 - Condition 'CM1_LE_ARMCC' not fulfilled in pack 'ARM.CMSIS.5.7.0'
2026-04-16 01:29:10,474 [WARN] ThirdPartyIpManager:480 - Condition 'CM1_BE_ARMCC' not fulfilled in pack 'ARM.CMSIS.5.7.0'
2026-04-16 01:29:10,474 [WARN] ThirdPartyIpManager:480 - Condition 'CM3_LE_ARMCC' not fulfilled in pack 'ARM.CMSIS.5.7.0'
2026-04-16 01:29:10,475 [WARN] ThirdPartyIpManager:480 - Condition 'CM3_BE_ARMCC' not fulfilled in pack 'ARM.CMSIS.5.7.0'
2026-04-16 01:29:10,475 [WARN] ThirdPartyIpManager:480 - Condition 'CM4_LE_ARMCC' not fulfilled in pack 'ARM.CMSIS.5.7.0'
2026-04-16 01:29:10,475 [WARN] ThirdPartyIpManager:480 - Condition 'CM4_BE_ARMCC' not fulfilled in pack 'ARM.CMSIS.5.7.0'
2026-04-16 01:29:10,475 [WARN] ThirdPartyIpManager:480 - Condition 'CM4_FP_LE_ARMCC' not fulfilled in pack 'ARM.CMSIS.5.7.0'
2026-04-16 01:29:10,476 [WARN] ThirdPartyIpManager:480 - Condition 'CM4_FP_BE_ARMCC' not fulfilled in pack 'ARM.CMSIS.5.7.0'
2026-04-16 01:29:10,476 [WARN] ThirdPartyIpManager:480 - Condition 'CM7_LE_ARMCC' not fulfilled in pack 'ARM.CMSIS.5.7.0'
2026-04-16 01:29:10,476 [WARN] ThirdPartyIpManager:480 - Condition 'CM7_BE_ARMCC' not fulfilled in pack 'ARM.CMSIS.5.7.0'
2026-04-16 01:29:10,476 [WARN] ThirdPartyIpManager:480 - Condition 'CM7_SP_LE_ARMCC' not fulfilled in pack 'ARM.CMSIS.5.7.0'
2026-04-16 01:29:10,476 [WARN] ThirdPartyIpManager:480 - Condition 'CM7_SP_BE_ARMCC' not fulfilled in pack 'ARM.CMSIS.5.7.0'
2026-04-16 01:29:10,477 [WARN] ThirdPartyIpManager:480 - Condition 'CM7_DP_LE_ARMCC' not fulfilled in pack 'ARM.CMSIS.5.7.0'
2026-04-16 01:29:10,477 [WARN] ThirdPartyIpManager:480 - Condition 'CM7_DP_BE_ARMCC' not fulfilled in pack 'ARM.CMSIS.5.7.0'
2026-04-16 01:29:10,477 [WARN] ThirdPartyIpManager:480 - Condition 'CM23_LE_ARMCC' not fulfilled in pack 'ARM.CMSIS.5.7.0'
2026-04-16 01:29:10,490 [WARN] ThirdPartyIpManager:480 - Condition 'CM33_NODSP_NOFPU_LE_ARMCC' not fulfilled in pack 'ARM.CMSIS.5.7.0'
2026-04-16 01:29:10,490 [WARN] ThirdPartyIpManager:480 - Condition 'CM33_DSP_NOFPU_LE_ARMCC' not fulfilled in pack 'ARM.CMSIS.5.7.0'
2026-04-16 01:29:10,490 [WARN] ThirdPartyIpManager:480 - Condition 'CM33_NODSP_SP_LE_ARMCC' not fulfilled in pack 'ARM.CMSIS.5.7.0'
2026-04-16 01:29:10,490 [WARN] ThirdPartyIpManager:480 - Condition 'CM33_DSP_SP_LE_ARMCC' not fulfilled in pack 'ARM.CMSIS.5.7.0'
2026-04-16 01:29:10,490 [WARN] ThirdPartyIpManager:480 - Condition 'CM35P_NODSP_NOFPU_LE_ARMCC' not fulfilled in pack 'ARM.CMSIS.5.7.0'
2026-04-16 01:29:10,490 [WARN] ThirdPartyIpManager:480 - Condition 'CM35P_DSP_NOFPU_LE_ARMCC' not fulfilled in pack 'ARM.CMSIS.5.7.0'
2026-04-16 01:29:10,490 [WARN] ThirdPartyIpManager:480 - Condition 'CM35P_NODSP_SP_LE_ARMCC' not fulfilled in pack 'ARM.CMSIS.5.7.0'
2026-04-16 01:29:10,490 [WARN] ThirdPartyIpManager:480 - Condition 'CM35P_DSP_SP_LE_ARMCC' not fulfilled in pack 'ARM.CMSIS.5.7.0'
2026-04-16 01:29:10,491 [WARN] ThirdPartyIpManager:480 - Condition 'ARMv8MBL_LE_ARMCC' not fulfilled in pack 'ARM.CMSIS.5.7.0'
2026-04-16 01:29:10,491 [WARN] ThirdPartyIpManager:480 - Condition 'ARMv8MML_NODSP_NOFPU_LE_ARMCC' not fulfilled in pack 'ARM.CMSIS.5.7.0'
2026-04-16 01:29:10,491 [WARN] ThirdPartyIpManager:480 - Condition 'ARMv8MML_DSP_NOFPU_LE_ARMCC' not fulfilled in pack 'ARM.CMSIS.5.7.0'
2026-04-16 01:29:10,492 [WARN] ThirdPartyIpManager:480 - Condition 'ARMv8MML_NODSP_SP_LE_ARMCC' not fulfilled in pack 'ARM.CMSIS.5.7.0'
2026-04-16 01:29:10,492 [WARN] ThirdPartyIpManager:480 - Condition 'ARMv8MML_DSP_SP_LE_ARMCC' not fulfilled in pack 'ARM.CMSIS.5.7.0'
2026-04-16 01:29:10,492 [WARN] ThirdPartyIpManager:480 - Condition 'CM0_LE_GCC' not fulfilled in pack 'ARM.CMSIS.5.7.0'
2026-04-16 01:29:10,492 [WARN] ThirdPartyIpManager:480 - Condition 'CM1_LE_GCC' not fulfilled in pack 'ARM.CMSIS.5.7.0'
2026-04-16 01:29:10,493 [WARN] ThirdPartyIpManager:480 - Condition 'CM3_LE_GCC' not fulfilled in pack 'ARM.CMSIS.5.7.0'
2026-04-16 01:29:10,493 [WARN] ThirdPartyIpManager:480 - Condition 'CM4_LE_GCC' not fulfilled in pack 'ARM.CMSIS.5.7.0'
2026-04-16 01:29:10,495 [WARN] ThirdPartyIpManager:480 - Condition 'CM7_LE_GCC' not fulfilled in pack 'ARM.CMSIS.5.7.0'
2026-04-16 01:29:10,496 [WARN] ThirdPartyIpManager:480 - Condition 'CM7_SP_LE_GCC' not fulfilled in pack 'ARM.CMSIS.5.7.0'
2026-04-16 01:29:10,496 [WARN] ThirdPartyIpManager:480 - Condition 'CM7_DP_LE_GCC' not fulfilled in pack 'ARM.CMSIS.5.7.0'
2026-04-16 01:29:10,496 [WARN] ThirdPartyIpManager:480 - Condition 'CM23_LE_GCC' not fulfilled in pack 'ARM.CMSIS.5.7.0'
2026-04-16 01:29:10,496 [WARN] ThirdPartyIpManager:480 - Condition 'CM33_NODSP_NOFPU_LE_GCC' not fulfilled in pack 'ARM.CMSIS.5.7.0'
2026-04-16 01:29:10,496 [WARN] ThirdPartyIpManager:480 - Condition 'CM33_DSP_NOFPU_LE_GCC' not fulfilled in pack 'ARM.CMSIS.5.7.0'
2026-04-16 01:29:10,496 [WARN] ThirdPartyIpManager:480 - Condition 'CM33_NODSP_SP_LE_GCC' not fulfilled in pack 'ARM.CMSIS.5.7.0'
2026-04-16 01:29:10,497 [WARN] ThirdPartyIpManager:480 - Condition 'CM33_DSP_SP_LE_GCC' not fulfilled in pack 'ARM.CMSIS.5.7.0'
2026-04-16 01:29:10,497 [WARN] ThirdPartyIpManager:480 - Condition 'CM35P_NODSP_NOFPU_LE_GCC' not fulfilled in pack 'ARM.CMSIS.5.7.0'
2026-04-16 01:29:10,497 [WARN] ThirdPartyIpManager:480 - Condition 'CM35P_DSP_NOFPU_LE_GCC' not fulfilled in pack 'ARM.CMSIS.5.7.0'
2026-04-16 01:29:10,497 [WARN] ThirdPartyIpManager:480 - Condition 'CM35P_NODSP_SP_LE_GCC' not fulfilled in pack 'ARM.CMSIS.5.7.0'
2026-04-16 01:29:10,497 [WARN] ThirdPartyIpManager:480 - Condition 'CM35P_DSP_SP_LE_GCC' not fulfilled in pack 'ARM.CMSIS.5.7.0'
2026-04-16 01:29:10,497 [WARN] ThirdPartyIpManager:480 - Condition 'ARMv8MBL_LE_GCC' not fulfilled in pack 'ARM.CMSIS.5.7.0'
2026-04-16 01:29:10,497 [WARN] ThirdPartyIpManager:480 - Condition 'ARMv8MML_NODSP_NOFPU_LE_GCC' not fulfilled in pack 'ARM.CMSIS.5.7.0'
2026-04-16 01:29:10,497 [WARN] ThirdPartyIpManager:480 - Condition 'ARMv8MML_DSP_NOFPU_LE_GCC' not fulfilled in pack 'ARM.CMSIS.5.7.0'
2026-04-16 01:29:10,497 [WARN] ThirdPartyIpManager:480 - Condition 'ARMv8MML_NODSP_SP_LE_GCC' not fulfilled in pack 'ARM.CMSIS.5.7.0'
2026-04-16 01:29:10,497 [WARN] ThirdPartyIpManager:480 - Condition 'ARMv8MML_DSP_SP_LE_GCC' not fulfilled in pack 'ARM.CMSIS.5.7.0'
2026-04-16 01:29:10,498 [WARN] ThirdPartyIpManager:480 - Condition 'CM0_LE_IAR' not fulfilled in pack 'ARM.CMSIS.5.7.0'
2026-04-16 01:29:10,498 [WARN] ThirdPartyIpManager:480 - Condition 'CM0_BE_IAR' not fulfilled in pack 'ARM.CMSIS.5.7.0'
2026-04-16 01:29:10,498 [WARN] ThirdPartyIpManager:480 - Condition 'CM1_LE_IAR' not fulfilled in pack 'ARM.CMSIS.5.7.0'
2026-04-16 01:29:10,498 [WARN] ThirdPartyIpManager:480 - Condition 'CM1_BE_IAR' not fulfilled in pack 'ARM.CMSIS.5.7.0'
2026-04-16 01:29:10,498 [WARN] ThirdPartyIpManager:480 - Condition 'CM3_LE_IAR' not fulfilled in pack 'ARM.CMSIS.5.7.0'
2026-04-16 01:29:10,498 [WARN] ThirdPartyIpManager:480 - Condition 'CM3_BE_IAR' not fulfilled in pack 'ARM.CMSIS.5.7.0'
2026-04-16 01:29:10,498 [WARN] ThirdPartyIpManager:480 - Condition 'CM4_LE_IAR' not fulfilled in pack 'ARM.CMSIS.5.7.0'
2026-04-16 01:29:10,498 [WARN] ThirdPartyIpManager:480 - Condition 'CM4_BE_IAR' not fulfilled in pack 'ARM.CMSIS.5.7.0'
2026-04-16 01:29:10,498 [WARN] ThirdPartyIpManager:480 - Condition 'CM4_FP_LE_IAR' not fulfilled in pack 'ARM.CMSIS.5.7.0'
2026-04-16 01:29:10,498 [WARN] ThirdPartyIpManager:480 - Condition 'CM4_FP_BE_IAR' not fulfilled in pack 'ARM.CMSIS.5.7.0'
2026-04-16 01:29:10,498 [WARN] ThirdPartyIpManager:480 - Condition 'CM7_LE_IAR' not fulfilled in pack 'ARM.CMSIS.5.7.0'
2026-04-16 01:29:10,498 [WARN] ThirdPartyIpManager:480 - Condition 'CM7_BE_IAR' not fulfilled in pack 'ARM.CMSIS.5.7.0'
2026-04-16 01:29:10,498 [WARN] ThirdPartyIpManager:480 - Condition 'CM7_DP_LE_IAR' not fulfilled in pack 'ARM.CMSIS.5.7.0'
2026-04-16 01:29:10,498 [WARN] ThirdPartyIpManager:480 - Condition 'CM7_DP_BE_IAR' not fulfilled in pack 'ARM.CMSIS.5.7.0'
2026-04-16 01:29:10,499 [WARN] ThirdPartyIpManager:480 - Condition 'CM7_SP_LE_IAR' not fulfilled in pack 'ARM.CMSIS.5.7.0'
2026-04-16 01:29:10,499 [WARN] ThirdPartyIpManager:480 - Condition 'CM7_SP_BE_IAR' not fulfilled in pack 'ARM.CMSIS.5.7.0'
2026-04-16 01:29:10,499 [WARN] ThirdPartyIpManager:480 - Condition 'CM23_LE_IAR' not fulfilled in pack 'ARM.CMSIS.5.7.0'
2026-04-16 01:29:10,499 [WARN] ThirdPartyIpManager:480 - Condition 'CM33_NODSP_NOFPU_LE_IAR' not fulfilled in pack 'ARM.CMSIS.5.7.0'
2026-04-16 01:29:10,499 [WARN] ThirdPartyIpManager:480 - Condition 'CM33_DSP_NOFPU_LE_IAR' not fulfilled in pack 'ARM.CMSIS.5.7.0'
2026-04-16 01:29:10,499 [WARN] ThirdPartyIpManager:480 - Condition 'CM33_NODSP_SP_LE_IAR' not fulfilled in pack 'ARM.CMSIS.5.7.0'
2026-04-16 01:29:10,499 [WARN] ThirdPartyIpManager:480 - Condition 'CM33_DSP_SP_LE_IAR' not fulfilled in pack 'ARM.CMSIS.5.7.0'
2026-04-16 01:29:10,499 [WARN] ThirdPartyIpManager:480 - Condition 'CM35P_NODSP_NOFPU_LE_IAR' not fulfilled in pack 'ARM.CMSIS.5.7.0'
2026-04-16 01:29:10,499 [WARN] ThirdPartyIpManager:480 - Condition 'CM35P_DSP_NOFPU_LE_IAR' not fulfilled in pack 'ARM.CMSIS.5.7.0'
2026-04-16 01:29:10,499 [WARN] ThirdPartyIpManager:480 - Condition 'CM35P_NODSP_SP_LE_IAR' not fulfilled in pack 'ARM.CMSIS.5.7.0'
2026-04-16 01:29:10,499 [WARN] ThirdPartyIpManager:480 - Condition 'CM35P_DSP_SP_LE_IAR' not fulfilled in pack 'ARM.CMSIS.5.7.0'
2026-04-16 01:29:10,499 [WARN] ThirdPartyIpManager:480 - Condition 'ARMv8MBL_LE_IAR' not fulfilled in pack 'ARM.CMSIS.5.7.0'
2026-04-16 01:29:10,499 [WARN] ThirdPartyIpManager:480 - Condition 'ARMv8MML_NODSP_NOFPU_LE_IAR' not fulfilled in pack 'ARM.CMSIS.5.7.0'
2026-04-16 01:29:10,499 [WARN] ThirdPartyIpManager:480 - Condition 'ARMv8MML_DSP_NOFPU_LE_IAR' not fulfilled in pack 'ARM.CMSIS.5.7.0'
2026-04-16 01:29:10,499 [WARN] ThirdPartyIpManager:480 - Condition 'ARMv8MML_NODSP_SP_LE_IAR' not fulfilled in pack 'ARM.CMSIS.5.7.0'
2026-04-16 01:29:10,501 [WARN] ThirdPartyIpManager:480 - Condition 'ARMv8MML_DSP_SP_LE_IAR' not fulfilled in pack 'ARM.CMSIS.5.7.0'
2026-04-16 01:29:10,501 [INFO] CodeGenerator:892 - code generatio: config db path: C:\ST\STM32CubeIDE_1.19.0\STM32CubeIDE\plugins\com.st.stm32cube.common.mx_6.15.0.202507011659\\db\
2026-04-16 01:29:10,604 [INFO] IP:3329 - RTE Config file name : RTE_Component
2026-04-16 01:29:10,605 [INFO] IP:3347 - RTE template : RTE_Components.ftl
2026-04-16 01:29:10,617 [INFO] CodeEngine:265 - oldGeneratedFile, C:\Lab3_G11\STM32_G474RE\ultrasonicRead\MXTmpFiles\license.tmp_save
2026-04-16 01:29:10,895 [INFO] CodeEngine:289 - Generated code: C:\Lab3_G11\STM32_G474RE\ultrasonicRead\MXTmpFiles\license.tmp
2026-04-16 01:29:10,938 [INFO] CodeEngine:265 - oldGeneratedFile, C:\Lab3_G11\STM32_G474RE\ultrasonicRead\MXTmpFiles\gpio.tmp_save
2026-04-16 01:29:11,111 [INFO] CodeEngine:289 - Generated code: C:\Lab3_G11\STM32_G474RE\ultrasonicRead\MXTmpFiles\gpio.tmp
2026-04-16 01:29:11,322 [INFO] CodeEngine:265 - oldGeneratedFile, C:\Lab3_G11\STM32_G474RE\ultrasonicRead\Core\Src\stm32g4xx_it.c_save
2026-04-16 01:29:11,660 [INFO] CodeEngine:289 - Generated code: C:\Lab3_G11\STM32_G474RE\ultrasonicRead\Core\Src\stm32g4xx_it.c
2026-04-16 01:29:11,669 [INFO] CodeEngine:265 - oldGeneratedFile, C:\Lab3_G11\STM32_G474RE\ultrasonicRead\Core\Inc\stm32g4xx_it.h_save
2026-04-16 01:29:11,753 [INFO] CodeEngine:289 - Generated code: C:\Lab3_G11\STM32_G474RE\ultrasonicRead\Core\Inc\stm32g4xx_it.h
2026-04-16 01:29:11,778 [INFO] CodeEngine:265 - oldGeneratedFile, C:\Lab3_G11\STM32_G474RE\ultrasonicRead\Core\Src\stm32g4xx_hal_msp.c_save
2026-04-16 01:29:11,971 [INFO] CodeEngine:289 - Generated code: C:\Lab3_G11\STM32_G474RE\ultrasonicRead\Core\Src\stm32g4xx_hal_msp.c
2026-04-16 01:29:11,981 [INFO] CodeEngine:265 - oldGeneratedFile, C:\Lab3_G11\STM32_G474RE\ultrasonicRead\MXTmpFiles\system.tmp_save
2026-04-16 01:29:12,041 [INFO] CodeEngine:289 - Generated code: C:\Lab3_G11\STM32_G474RE\ultrasonicRead\MXTmpFiles\system.tmp
2026-04-16 01:29:12,055 [INFO] CodeEngine:321 - oldGeneratedFile, C:\Lab3_G11\STM32_G474RE\ultrasonicRead\Core\Inc\stm32g4xx_hal_conf.h_save
2026-04-16 01:29:12,181 [INFO] CodeEngine:345 - Generated code: C:\Lab3_G11\STM32_G474RE\ultrasonicRead\Core\Inc\stm32g4xx_hal_conf.h
2026-04-16 01:29:12,202 [WARN] IPConfigManager:3238 - Warning: the RefConfig RCC_CommonPeriphClockConfig is not available in your config.xml file
2026-04-16 01:29:12,215 [INFO] ApiDbMcu:532 - Load IP Config File for LPUART1
2026-04-16 01:29:12,230 [INFO] ApiDbMcu:532 - Load IP Config File for TIM1
2026-04-16 01:29:12,242 [INFO] ApiDbMcu:532 - Load IP Config File for TIM3
2026-04-16 01:29:12,244 [INFO] ApiDbMcu:532 - Load IP Config File for RCC
2026-04-16 01:29:12,248 [WARN] IPConfigManager:3811 - IP not found : TIM
2026-04-16 01:29:12,249 [WARN] CodeGenerator:4259 - IP not found : null
2026-04-16 01:29:12,260 [INFO] CodeEngine:265 - oldGeneratedFile, C:\Lab3_G11\STM32_G474RE\ultrasonicRead\Core\Inc\main.h_save
2026-04-16 01:29:12,383 [INFO] CodeEngine:289 - Generated code: C:\Lab3_G11\STM32_G474RE\ultrasonicRead\Core\Inc\main.h
2026-04-16 01:29:12,393 [INFO] CodeEngine:265 - oldGeneratedFile, C:\Lab3_G11\STM32_G474RE\ultrasonicRead\Core\Src\main.c_save
2026-04-16 01:29:12,519 [INFO] CodeEngine:289 - Generated code: C:\Lab3_G11\STM32_G474RE\ultrasonicRead\Core\Src\main.c
2026-04-16 01:29:12,916 [INFO] ProjectBuilder:3606 - Time for Copy HAL[1] : 242mS.
2026-04-16 01:29:12,917 [WARN] ThirdPartyIpManager:480 - Condition 'TrustZone' not fulfilled in pack 'ARM.CMSIS.5.7.0'
2026-04-16 01:29:12,917 [WARN] ThirdPartyRefParameterProcessor:173 - Condition 'TrustZone;(SIiDtzIiTZ)' has not the same result using Semaphore or Dynamic solver for pack 'ARM.CMSIS.5.7.0''
2026-04-16 01:29:12,917 [WARN] ThirdPartyIpManager:480 - Condition 'TZ Secure' not fulfilled in pack 'ARM.CMSIS.5.7.0'
2026-04-16 01:29:12,917 [WARN] ThirdPartyRefParameterProcessor:173 - Condition 'TZ Secure;(SIiDtzIiTZ&SIiDsecureIiSecure)' has not the same result using Semaphore or Dynamic solver for pack 'ARM.CMSIS.5.7.0''
2026-04-16 01:29:12,917 [WARN] ThirdPartyIpManager:480 - Condition 'TZ Secure' not fulfilled in pack 'ARM.CMSIS.5.7.0'
2026-04-16 01:29:12,917 [WARN] ThirdPartyRefParameterProcessor:173 - Condition 'TZ Secure;(SIiDtzIiTZ&SIiDsecureIiSecure)' has not the same result using Semaphore or Dynamic solver for pack 'ARM.CMSIS.5.7.0''
2026-04-16 01:29:12,918 [WARN] ThirdPartyIpManager:480 - Condition 'CM0_LE_ARMCC' not fulfilled in pack 'ARM.CMSIS.5.7.0'
2026-04-16 01:29:12,918 [WARN] ThirdPartyIpManager:480 - Condition 'CM0_BE_ARMCC' not fulfilled in pack 'ARM.CMSIS.5.7.0'
2026-04-16 01:29:12,918 [WARN] ThirdPartyIpManager:480 - Condition 'CM1_LE_ARMCC' not fulfilled in pack 'ARM.CMSIS.5.7.0'
2026-04-16 01:29:12,918 [WARN] ThirdPartyIpManager:480 - Condition 'CM1_BE_ARMCC' not fulfilled in pack 'ARM.CMSIS.5.7.0'
2026-04-16 01:29:12,918 [WARN] ThirdPartyIpManager:480 - Condition 'CM3_LE_ARMCC' not fulfilled in pack 'ARM.CMSIS.5.7.0'
2026-04-16 01:29:12,918 [WARN] ThirdPartyIpManager:480 - Condition 'CM3_BE_ARMCC' not fulfilled in pack 'ARM.CMSIS.5.7.0'
2026-04-16 01:29:12,918 [WARN] ThirdPartyIpManager:480 - Condition 'CM4_LE_ARMCC' not fulfilled in pack 'ARM.CMSIS.5.7.0'
2026-04-16 01:29:12,918 [WARN] ThirdPartyIpManager:480 - Condition 'CM4_BE_ARMCC' not fulfilled in pack 'ARM.CMSIS.5.7.0'
2026-04-16 01:29:12,918 [WARN] ThirdPartyIpManager:480 - Condition 'CM4_FP_LE_ARMCC' not fulfilled in pack 'ARM.CMSIS.5.7.0'
2026-04-16 01:29:12,918 [WARN] ThirdPartyIpManager:480 - Condition 'CM4_FP_BE_ARMCC' not fulfilled in pack 'ARM.CMSIS.5.7.0'
2026-04-16 01:29:12,918 [WARN] ThirdPartyIpManager:480 - Condition 'CM7_LE_ARMCC' not fulfilled in pack 'ARM.CMSIS.5.7.0'
2026-04-16 01:29:12,919 [WARN] ThirdPartyIpManager:480 - Condition 'CM7_BE_ARMCC' not fulfilled in pack 'ARM.CMSIS.5.7.0'
2026-04-16 01:29:12,919 [WARN] ThirdPartyIpManager:480 - Condition 'CM7_SP_LE_ARMCC' not fulfilled in pack 'ARM.CMSIS.5.7.0'
2026-04-16 01:29:12,919 [WARN] ThirdPartyIpManager:480 - Condition 'CM7_SP_BE_ARMCC' not fulfilled in pack 'ARM.CMSIS.5.7.0'
2026-04-16 01:29:12,919 [WARN] ThirdPartyIpManager:480 - Condition 'CM7_DP_LE_ARMCC' not fulfilled in pack 'ARM.CMSIS.5.7.0'
2026-04-16 01:29:12,919 [WARN] ThirdPartyIpManager:480 - Condition 'CM7_DP_BE_ARMCC' not fulfilled in pack 'ARM.CMSIS.5.7.0'
2026-04-16 01:29:12,919 [WARN] ThirdPartyIpManager:480 - Condition 'CM23_LE_ARMCC' not fulfilled in pack 'ARM.CMSIS.5.7.0'
2026-04-16 01:29:12,919 [WARN] ThirdPartyIpManager:480 - Condition 'CM33_NODSP_NOFPU_LE_ARMCC' not fulfilled in pack 'ARM.CMSIS.5.7.0'
2026-04-16 01:29:12,919 [WARN] ThirdPartyIpManager:480 - Condition 'CM33_DSP_NOFPU_LE_ARMCC' not fulfilled in pack 'ARM.CMSIS.5.7.0'
2026-04-16 01:29:12,919 [WARN] ThirdPartyIpManager:480 - Condition 'CM33_NODSP_SP_LE_ARMCC' not fulfilled in pack 'ARM.CMSIS.5.7.0'
2026-04-16 01:29:12,919 [WARN] ThirdPartyIpManager:480 - Condition 'CM33_DSP_SP_LE_ARMCC' not fulfilled in pack 'ARM.CMSIS.5.7.0'
2026-04-16 01:29:12,919 [WARN] ThirdPartyIpManager:480 - Condition 'CM35P_NODSP_NOFPU_LE_ARMCC' not fulfilled in pack 'ARM.CMSIS.5.7.0'
2026-04-16 01:29:12,919 [WARN] ThirdPartyIpManager:480 - Condition 'CM35P_DSP_NOFPU_LE_ARMCC' not fulfilled in pack 'ARM.CMSIS.5.7.0'
2026-04-16 01:29:12,919 [WARN] ThirdPartyIpManager:480 - Condition 'CM35P_NODSP_SP_LE_ARMCC' not fulfilled in pack 'ARM.CMSIS.5.7.0'
2026-04-16 01:29:12,919 [WARN] ThirdPartyIpManager:480 - Condition 'CM35P_DSP_SP_LE_ARMCC' not fulfilled in pack 'ARM.CMSIS.5.7.0'
2026-04-16 01:29:12,919 [WARN] ThirdPartyIpManager:480 - Condition 'ARMv8MBL_LE_ARMCC' not fulfilled in pack 'ARM.CMSIS.5.7.0'
2026-04-16 01:29:12,919 [WARN] ThirdPartyIpManager:480 - Condition 'ARMv8MML_NODSP_NOFPU_LE_ARMCC' not fulfilled in pack 'ARM.CMSIS.5.7.0'
2026-04-16 01:29:12,919 [WARN] ThirdPartyIpManager:480 - Condition 'ARMv8MML_DSP_NOFPU_LE_ARMCC' not fulfilled in pack 'ARM.CMSIS.5.7.0'
2026-04-16 01:29:12,919 [WARN] ThirdPartyIpManager:480 - Condition 'ARMv8MML_NODSP_SP_LE_ARMCC' not fulfilled in pack 'ARM.CMSIS.5.7.0'
2026-04-16 01:29:12,919 [WARN] ThirdPartyIpManager:480 - Condition 'ARMv8MML_DSP_SP_LE_ARMCC' not fulfilled in pack 'ARM.CMSIS.5.7.0'
2026-04-16 01:29:12,919 [WARN] ThirdPartyIpManager:480 - Condition 'CM0_LE_GCC' not fulfilled in pack 'ARM.CMSIS.5.7.0'
2026-04-16 01:29:12,919 [WARN] ThirdPartyIpManager:480 - Condition 'CM1_LE_GCC' not fulfilled in pack 'ARM.CMSIS.5.7.0'
2026-04-16 01:29:12,919 [WARN] ThirdPartyIpManager:480 - Condition 'CM3_LE_GCC' not fulfilled in pack 'ARM.CMSIS.5.7.0'
2026-04-16 01:29:12,919 [WARN] ThirdPartyIpManager:480 - Condition 'CM4_LE_GCC' not fulfilled in pack 'ARM.CMSIS.5.7.0'
2026-04-16 01:29:12,919 [WARN] ThirdPartyIpManager:480 - Condition 'CM7_LE_GCC' not fulfilled in pack 'ARM.CMSIS.5.7.0'
2026-04-16 01:29:12,919 [WARN] ThirdPartyIpManager:480 - Condition 'CM7_SP_LE_GCC' not fulfilled in pack 'ARM.CMSIS.5.7.0'
2026-04-16 01:29:12,919 [WARN] ThirdPartyIpManager:480 - Condition 'CM7_DP_LE_GCC' not fulfilled in pack 'ARM.CMSIS.5.7.0'
2026-04-16 01:29:12,919 [WARN] ThirdPartyIpManager:480 - Condition 'CM23_LE_GCC' not fulfilled in pack 'ARM.CMSIS.5.7.0'
2026-04-16 01:29:12,919 [WARN] ThirdPartyIpManager:480 - Condition 'CM33_NODSP_NOFPU_LE_GCC' not fulfilled in pack 'ARM.CMSIS.5.7.0'
2026-04-16 01:29:12,919 [WARN] ThirdPartyIpManager:480 - Condition 'CM33_DSP_NOFPU_LE_GCC' not fulfilled in pack 'ARM.CMSIS.5.7.0'
2026-04-16 01:29:12,919 [WARN] ThirdPartyIpManager:480 - Condition 'CM33_NODSP_SP_LE_GCC' not fulfilled in pack 'ARM.CMSIS.5.7.0'
2026-04-16 01:29:12,919 [WARN] ThirdPartyIpManager:480 - Condition 'CM33_DSP_SP_LE_GCC' not fulfilled in pack 'ARM.CMSIS.5.7.0'
2026-04-16 01:29:12,920 [WARN] ThirdPartyIpManager:480 - Condition 'CM35P_NODSP_NOFPU_LE_GCC' not fulfilled in pack 'ARM.CMSIS.5.7.0'
2026-04-16 01:29:12,920 [WARN] ThirdPartyIpManager:480 - Condition 'CM35P_DSP_NOFPU_LE_GCC' not fulfilled in pack 'ARM.CMSIS.5.7.0'
2026-04-16 01:29:12,920 [WARN] ThirdPartyIpManager:480 - Condition 'CM35P_NODSP_SP_LE_GCC' not fulfilled in pack 'ARM.CMSIS.5.7.0'
2026-04-16 01:29:12,920 [WARN] ThirdPartyIpManager:480 - Condition 'CM35P_DSP_SP_LE_GCC' not fulfilled in pack 'ARM.CMSIS.5.7.0'
2026-04-16 01:29:12,920 [WARN] ThirdPartyIpManager:480 - Condition 'ARMv8MBL_LE_GCC' not fulfilled in pack 'ARM.CMSIS.5.7.0'
2026-04-16 01:29:12,920 [WARN] ThirdPartyIpManager:480 - Condition 'ARMv8MML_NODSP_NOFPU_LE_GCC' not fulfilled in pack 'ARM.CMSIS.5.7.0'
2026-04-16 01:29:12,920 [WARN] ThirdPartyIpManager:480 - Condition 'ARMv8MML_DSP_NOFPU_LE_GCC' not fulfilled in pack 'ARM.CMSIS.5.7.0'
2026-04-16 01:29:12,920 [WARN] ThirdPartyIpManager:480 - Condition 'ARMv8MML_NODSP_SP_LE_GCC' not fulfilled in pack 'ARM.CMSIS.5.7.0'
2026-04-16 01:29:12,920 [WARN] ThirdPartyIpManager:480 - Condition 'ARMv8MML_DSP_SP_LE_GCC' not fulfilled in pack 'ARM.CMSIS.5.7.0'
2026-04-16 01:29:12,920 [WARN] ThirdPartyIpManager:480 - Condition 'CM0_LE_IAR' not fulfilled in pack 'ARM.CMSIS.5.7.0'
2026-04-16 01:29:12,920 [WARN] ThirdPartyIpManager:480 - Condition 'CM0_BE_IAR' not fulfilled in pack 'ARM.CMSIS.5.7.0'
2026-04-16 01:29:12,920 [WARN] ThirdPartyIpManager:480 - Condition 'CM1_LE_IAR' not fulfilled in pack 'ARM.CMSIS.5.7.0'
2026-04-16 01:29:12,920 [WARN] ThirdPartyIpManager:480 - Condition 'CM1_BE_IAR' not fulfilled in pack 'ARM.CMSIS.5.7.0'
2026-04-16 01:29:12,920 [WARN] ThirdPartyIpManager:480 - Condition 'CM3_LE_IAR' not fulfilled in pack 'ARM.CMSIS.5.7.0'
2026-04-16 01:29:12,920 [WARN] ThirdPartyIpManager:480 - Condition 'CM3_BE_IAR' not fulfilled in pack 'ARM.CMSIS.5.7.0'
2026-04-16 01:29:12,920 [WARN] ThirdPartyIpManager:480 - Condition 'CM4_LE_IAR' not fulfilled in pack 'ARM.CMSIS.5.7.0'
2026-04-16 01:29:12,920 [WARN] ThirdPartyIpManager:480 - Condition 'CM4_BE_IAR' not fulfilled in pack 'ARM.CMSIS.5.7.0'
2026-04-16 01:29:12,920 [WARN] ThirdPartyIpManager:480 - Condition 'CM4_FP_LE_IAR' not fulfilled in pack 'ARM.CMSIS.5.7.0'
2026-04-16 01:29:12,920 [WARN] ThirdPartyIpManager:480 - Condition 'CM4_FP_BE_IAR' not fulfilled in pack 'ARM.CMSIS.5.7.0'
2026-04-16 01:29:12,920 [WARN] ThirdPartyIpManager:480 - Condition 'CM7_LE_IAR' not fulfilled in pack 'ARM.CMSIS.5.7.0'
2026-04-16 01:29:12,920 [WARN] ThirdPartyIpManager:480 - Condition 'CM7_BE_IAR' not fulfilled in pack 'ARM.CMSIS.5.7.0'
2026-04-16 01:29:12,920 [WARN] ThirdPartyIpManager:480 - Condition 'CM7_DP_LE_IAR' not fulfilled in pack 'ARM.CMSIS.5.7.0'
2026-04-16 01:29:12,920 [WARN] ThirdPartyIpManager:480 - Condition 'CM7_DP_BE_IAR' not fulfilled in pack 'ARM.CMSIS.5.7.0'
2026-04-16 01:29:12,920 [WARN] ThirdPartyIpManager:480 - Condition 'CM7_SP_LE_IAR' not fulfilled in pack 'ARM.CMSIS.5.7.0'
2026-04-16 01:29:12,920 [WARN] ThirdPartyIpManager:480 - Condition 'CM7_SP_BE_IAR' not fulfilled in pack 'ARM.CMSIS.5.7.0'
2026-04-16 01:29:12,920 [WARN] ThirdPartyIpManager:480 - Condition 'CM23_LE_IAR' not fulfilled in pack 'ARM.CMSIS.5.7.0'
2026-04-16 01:29:12,920 [WARN] ThirdPartyIpManager:480 - Condition 'CM33_NODSP_NOFPU_LE_IAR' not fulfilled in pack 'ARM.CMSIS.5.7.0'
2026-04-16 01:29:12,920 [WARN] ThirdPartyIpManager:480 - Condition 'CM33_DSP_NOFPU_LE_IAR' not fulfilled in pack 'ARM.CMSIS.5.7.0'
2026-04-16 01:29:12,920 [WARN] ThirdPartyIpManager:480 - Condition 'CM33_NODSP_SP_LE_IAR' not fulfilled in pack 'ARM.CMSIS.5.7.0'
2026-04-16 01:29:12,920 [WARN] ThirdPartyIpManager:480 - Condition 'CM33_DSP_SP_LE_IAR' not fulfilled in pack 'ARM.CMSIS.5.7.0'
2026-04-16 01:29:12,920 [WARN] ThirdPartyIpManager:480 - Condition 'CM35P_NODSP_NOFPU_LE_IAR' not fulfilled in pack 'ARM.CMSIS.5.7.0'
2026-04-16 01:29:12,920 [WARN] ThirdPartyIpManager:480 - Condition 'CM35P_DSP_NOFPU_LE_IAR' not fulfilled in pack 'ARM.CMSIS.5.7.0'
2026-04-16 01:29:12,921 [WARN] ThirdPartyIpManager:480 - Condition 'CM35P_NODSP_SP_LE_IAR' not fulfilled in pack 'ARM.CMSIS.5.7.0'
2026-04-16 01:29:12,921 [WARN] ThirdPartyIpManager:480 - Condition 'CM35P_DSP_SP_LE_IAR' not fulfilled in pack 'ARM.CMSIS.5.7.0'
2026-04-16 01:29:12,921 [WARN] ThirdPartyIpManager:480 - Condition 'ARMv8MBL_LE_IAR' not fulfilled in pack 'ARM.CMSIS.5.7.0'
2026-04-16 01:29:12,921 [WARN] ThirdPartyIpManager:480 - Condition 'ARMv8MML_NODSP_NOFPU_LE_IAR' not fulfilled in pack 'ARM.CMSIS.5.7.0'
2026-04-16 01:29:12,921 [WARN] ThirdPartyIpManager:480 - Condition 'ARMv8MML_DSP_NOFPU_LE_IAR' not fulfilled in pack 'ARM.CMSIS.5.7.0'
2026-04-16 01:29:12,921 [WARN] ThirdPartyIpManager:480 - Condition 'ARMv8MML_NODSP_SP_LE_IAR' not fulfilled in pack 'ARM.CMSIS.5.7.0'
2026-04-16 01:29:12,921 [WARN] ThirdPartyIpManager:480 - Condition 'ARMv8MML_DSP_SP_LE_IAR' not fulfilled in pack 'ARM.CMSIS.5.7.0'
2026-04-16 01:29:13,103 [INFO] ProjectBuilder:9437 - Time for Copy ThirdParty[1] : 178mS.
2026-04-16 01:29:13,256 [INFO] ProjectBuilder:9437 - Time for Copy ThirdParty[1] : 153mS.
2026-04-16 01:29:13,261 [INFO] ProjectBuilder:5216 - Project Generator version: 4.7.0-B52
2026-04-16 01:29:13,312 [INFO] ConfigFileManager:1595 - The Die is : DIE469
2026-04-16 01:29:13,312 [INFO] ApiDbMcu:532 - Load IP Config File for FATFS
2026-04-16 01:29:13,330 [INFO] ApiDbMcu:532 - Load IP Config File for FREERTOS
2026-04-16 01:29:13,330 [INFO] ApiDbMcu:532 - Load IP Config File for USBPD
2026-04-16 01:29:13,340 [INFO] ApiDbMcu:532 - Load IP Config File for USB_DEVICE
2026-04-16 01:29:14,263 [INFO] ProjectBuilder:5496 - Time for Generating toolchain IDE Files: 1001mS.
2026-04-16 01:29:14,264 [INFO] ProjectBuilder:3463 - Time for Copy CMSIS : 1mS.
2026-04-16 01:29:14,273 [INFO] ProjectBuilder:3463 - Time for Copy CMSIS : 0mS.
