2026-04-25 22:49:39,870 [INFO] Activator:176 - 


2026-04-25 22:49:39,871 [INFO] Activator:177 - !SESSION log4j initialized
2026-04-25 22:49:41,718 [INFO] LogOutputStream:77 - [STDOUT_REDIRECT] 
2026-04-25 22:49:42,915 [INFO] ApplicationProperties:184 - Using Application install path: C:\ST\STM32CubeIDE_1.19.0\STM32CubeIDE\plugins\com.st.stm32cube.common.mx_6.15.0.202507011659
2026-04-25 22:49:42,926 [INFO] DbMcusXml:78 - Set database path to: C:\ST\STM32CubeIDE_1.19.0\STM32CubeIDE\plugins\com.st.stm32cube.common.mx_6.15.0.202507011659\\db\/mcu/
2026-04-25 22:49:42,926 [INFO] ApiDb:274 - Set plugin database path to: C:\ST\STM32CubeIDE_1.19.0\STM32CubeIDE\plugins\com.st.stm32cube.common.mx_6.15.0.202507011659\\db\/plugins/boardmanager/
2026-04-25 22:49:42,927 [WARN] ApiDb:259 - Overriding images path with different value:  => C:\ST\STM32CubeIDE_1.19.0\STM32CubeIDE\plugins\com.st.stm32cube.common.mx_6.15.0.202507011659\\db\/plugins/mcufinder/images/
2026-04-25 22:49:42,930 [INFO] ApiDb:250 - Set database path to: C:\Users\Predator\.stmcufinder\plugins\mcufinder//mcu/
2026-04-25 22:49:42,931 [INFO] DbMcusAds:125 - Set database path to: C:\Users\Predator\.stmcufinder\plugins\mcufinder//mcu/
2026-04-25 22:49:42,932 [INFO] CrossReferenceDbSqlite:203 - Set database path to: C:\Users\Predator\.stmcufinder\plugins\mcufinder//mcu/cs/
2026-04-25 22:49:43,006 [INFO] RulesReader:64 - Compatibility file has been processed (317 Rules)
2026-04-25 22:49:43,061 [INFO] DbMcusXml:78 - Set database path to: C:\ST\STM32CubeIDE_1.19.0\STM32CubeIDE\plugins\com.st.stm32cube.common.mx_6.15.0.202507011659\\db\/mcu/
2026-04-25 22:49:43,061 [INFO] ApiDb:274 - Set plugin database path to: C:\ST\STM32CubeIDE_1.19.0\STM32CubeIDE\plugins\com.st.stm32cube.common.mx_6.15.0.202507011659\\db\/plugins/boardmanager/
2026-04-25 22:49:43,061 [INFO] ApiDb:261 - Set plugin images path to: C:\ST\STM32CubeIDE_1.19.0\STM32CubeIDE\plugins\com.st.stm32cube.common.mx_6.15.0.202507011659\\db\/plugins/mcufinder/images/
2026-04-25 22:49:43,061 [WARN] DbFile:41 - Overriding database path with different value: C:\Users\Predator\.stmcufinder\plugins\mcufinder/ => C:\Users\Predator\.stmcufinder\plugins\mcufinder
2026-04-25 22:49:43,061 [INFO] ApiDb:250 - Set database path to: C:\Users\Predator\.stmcufinder\plugins\mcufinder//mcu/
2026-04-25 22:49:43,061 [WARN] DbFile:41 - Overriding database path with different value: C:\Users\Predator\.stmcufinder\plugins\mcufinder/ => C:\Users\Predator\.stmcufinder\plugins\mcufinder
2026-04-25 22:49:43,061 [INFO] DbMcusAds:125 - Set database path to: C:\Users\Predator\.stmcufinder\plugins\mcufinder//mcu/
2026-04-25 22:49:43,061 [WARN] DbFile:41 - Overriding database path with different value: C:\Users\Predator\.stmcufinder\plugins\mcufinder/ => C:\Users\Predator\.stmcufinder\plugins\mcufinder
2026-04-25 22:49:43,061 [WARN] DbFile:41 - Overriding database path with different value: C:\Users\Predator\.stmcufinder\plugins\mcufinder/ => C:\Users\Predator\.stmcufinder\plugins\mcufinder
2026-04-25 22:49:43,062 [INFO] CrossReferenceDbSqlite:203 - Set database path to: C:\Users\Predator\.stmcufinder\plugins\mcufinder//mcu/cs/
2026-04-25 22:49:43,103 [INFO] MainPanel:274 - HeapMemory: 268435456
2026-04-25 22:49:43,166 [INFO] DbMcusXml:78 - Set database path to: C:\ST\STM32CubeIDE_1.19.0\STM32CubeIDE\plugins\com.st.stm32cube.common.mx_6.15.0.202507011659\\db\/mcu/
2026-04-25 22:49:43,166 [INFO] ApiDb:274 - Set plugin database path to: C:\ST\STM32CubeIDE_1.19.0\STM32CubeIDE\plugins\com.st.stm32cube.common.mx_6.15.0.202507011659\\db\/plugins/boardmanager/
2026-04-25 22:49:43,166 [INFO] ApiDb:261 - Set plugin images path to: C:\ST\STM32CubeIDE_1.19.0\STM32CubeIDE\plugins\com.st.stm32cube.common.mx_6.15.0.202507011659\\db\/plugins/mcufinder/images/
2026-04-25 22:49:43,166 [WARN] DbFile:41 - Overriding database path with different value: C:\Users\Predator\.stmcufinder\plugins\mcufinder/ => C:\Users\Predator\.stmcufinder\plugins\mcufinder
2026-04-25 22:49:43,166 [INFO] ApiDb:250 - Set database path to: C:\Users\Predator\.stmcufinder\plugins\mcufinder//mcu/
2026-04-25 22:49:43,166 [WARN] DbFile:41 - Overriding database path with different value: C:\Users\Predator\.stmcufinder\plugins\mcufinder/ => C:\Users\Predator\.stmcufinder\plugins\mcufinder
2026-04-25 22:49:43,166 [INFO] DbMcusAds:125 - Set database path to: C:\Users\Predator\.stmcufinder\plugins\mcufinder//mcu/
2026-04-25 22:49:43,166 [WARN] DbFile:41 - Overriding database path with different value: C:\Users\Predator\.stmcufinder\plugins\mcufinder/ => C:\Users\Predator\.stmcufinder\plugins\mcufinder
2026-04-25 22:49:43,166 [WARN] DbFile:41 - Overriding database path with different value: C:\Users\Predator\.stmcufinder\plugins\mcufinder/ => C:\Users\Predator\.stmcufinder\plugins\mcufinder
2026-04-25 22:49:43,166 [INFO] CrossReferenceDbSqlite:203 - Set database path to: C:\Users\Predator\.stmcufinder\plugins\mcufinder//mcu/cs/
2026-04-25 22:49:43,177 [INFO] ApplicationProperties:184 - Using Application install path: C:\ST\STM32CubeIDE_1.19.0\STM32CubeIDE\plugins\com.st.stm32cube.common.mx_6.15.0.202507011659
2026-04-25 22:49:43,178 [INFO] PluginManage:196 - Search for loadable plugins [exclusion list=, ]
2026-04-25 22:49:43,179 [INFO] PluginManage:310 - Check plugin analytics
2026-04-25 22:49:43,323 [INFO] AnalyticsPlugin:253 - Accepted Software Licenses: STM32CubeMX.6.15.0
2026-04-25 22:49:43,323 [INFO] AnalyticsPlugin:255 - Accepted CMSIS Pack Licenses: 
2026-04-25 22:49:43,323 [INFO] AnalyticsPlugin:257 - Accepted Firmware Licenses: FW.G4.1.6.0,FW.F4.1.28.0,FW.F7.1.17.0,FW.G0.1.6.0
2026-04-25 22:49:43,325 [INFO] PluginManage:359 - Loaded plugin analytics (category:tool,tabindex:-1)
2026-04-25 22:49:43,325 [INFO] PluginManage:310 - Check plugin cadmodel
2026-04-25 22:49:43,328 [INFO] CADModel:105 - Init CAD model plugin
2026-04-25 22:49:43,328 [INFO] PluginManage:359 - Loaded plugin cadmodel (category:power,tabindex:5)
2026-04-25 22:49:43,329 [INFO] PluginManage:310 - Check plugin clock
2026-04-25 22:49:43,334 [INFO] PluginManage:359 - Loaded plugin clock (category:base,tabindex:2)
2026-04-25 22:49:43,334 [INFO] PluginManage:310 - Check plugin ddr
2026-04-25 22:49:43,335 [INFO] PluginManage:359 - Loaded plugin ddr (category:tool,tabindex:6)
2026-04-25 22:49:43,335 [INFO] PluginManage:310 - Check plugin filemanager
2026-04-25 22:49:43,433 [INFO] PluginManage:359 - Loaded plugin filemanager (category:base,tabindex:10)
2026-04-25 22:49:43,433 [INFO] PluginManage:310 - Check plugin ipmanager
2026-04-25 22:49:43,438 [INFO] PluginManage:359 - Loaded plugin ipmanager (category:base,tabindex:5)
2026-04-25 22:49:43,438 [INFO] PluginManage:310 - Check plugin lpbam
2026-04-25 22:49:43,444 [INFO] PluginManage:359 - Loaded plugin lpbam (category:base,tabindex:0)
2026-04-25 22:49:43,444 [INFO] PluginManage:310 - Check plugin memorymap
2026-04-25 22:49:43,453 [INFO] PluginManage:359 - Loaded plugin memorymap (category:base,tabindex:4)
2026-04-25 22:49:43,453 [INFO] PluginManage:310 - Check plugin pinoutandconfiguration
2026-04-25 22:49:43,458 [INFO] PluginManage:359 - Loaded plugin pinoutandconfiguration (category:base,tabindex:1)
2026-04-25 22:49:43,458 [INFO] PluginManage:310 - Check plugin pinoutconfig
2026-04-25 22:49:43,513 [WARN] SupportedApi:132 - Cannot load RTOS API schema: s4s-elt-must-match.1: The content of 'definitions' must match (annotation?, (simpleType | complexType)?, (unique | key | keyref)*)). A problem was found starting at: attribute.
2026-04-25 22:49:43,582 [INFO] PluginManage:359 - Loaded plugin pinoutconfig (category:base,tabindex:0)
2026-04-25 22:49:43,582 [INFO] PluginManage:310 - Check plugin power
2026-04-25 22:49:43,586 [INFO] PluginManage:359 - Loaded plugin power (category:power,tabindex:4)
2026-04-25 22:49:43,586 [INFO] PluginManage:310 - Check plugin projectmanager
2026-04-25 22:49:43,599 [INFO] PluginManage:359 - Loaded plugin projectmanager (category:projectmanager,tabindex:4)
2026-04-25 22:49:43,599 [INFO] PluginManage:310 - Check plugin rif
2026-04-25 22:49:43,605 [INFO] PluginManage:359 - Loaded plugin rif (category:base,tabindex:3)
2026-04-25 22:49:43,605 [INFO] PluginManage:310 - Check plugin thirdparty
2026-04-25 22:49:43,692 [INFO] PluginManage:359 - Loaded plugin thirdparty (category:base,tabindex:-1)
2026-04-25 22:49:43,692 [WARN] IntegrityCheckThread:84 - waiting for thirdparty lock release [integrity check]
2026-04-25 22:49:43,693 [INFO] IntegrityCheckThread:86 - entering critical section [integrity check]
2026-04-25 22:49:43,693 [INFO] PluginManage:310 - Check plugin tools
2026-04-25 22:49:43,693 [INFO] ThirdPartyUpdaterWithRetryManager:70 - Updater plugin not ready yet. [1/15]
2026-04-25 22:49:43,694 [INFO] PluginManage:359 - Loaded plugin tools (category:base,tabindex:7)
2026-04-25 22:49:43,694 [INFO] PluginManage:310 - Check plugin tutovideos
2026-04-25 22:49:43,803 [INFO] PluginManage:359 - Loaded plugin tutovideos (category:base,tabindex:-1)
2026-04-25 22:49:43,803 [INFO] PluginManage:310 - Check plugin updater
2026-04-25 22:49:43,819 [INFO] PluginManage:359 - Loaded plugin updater (category:base,tabindex:12)
2026-04-25 22:49:43,819 [INFO] PluginManage:310 - Check plugin userauth
2026-04-25 22:49:43,822 [INFO] UserAuth:118 - Init User Auth plugin
2026-04-25 22:49:43,823 [INFO] PluginManage:359 - Loaded plugin userauth (category:base,tabindex:14)
2026-04-25 22:49:43,823 [INFO] PluginManage:283 - PluginManage : Loaded plugins [18]
2026-04-25 22:49:43,953 [INFO] PinOutPanel:1589 - setPackage(No Configuration,No Configuration)
2026-04-25 22:49:44,009 [INFO] CADModel:165 - CPN selected for project level
2026-04-25 22:49:44,009 [INFO] CADModel:114 - Register for checkConnection events
2026-04-25 22:49:44,020 [INFO] IPUIPlugin:80 - create IPUIPlugin
2026-04-25 22:49:44,021 [INFO] PluginManager:220 - loadIPPluginJar : add adc
2026-04-25 22:49:44,022 [INFO] IPUIPlugin:80 - create IPUIPlugin
2026-04-25 22:49:44,022 [INFO] PluginManager:220 - loadIPPluginJar : add aes
2026-04-25 22:49:44,024 [INFO] IPUIPlugin:80 - create IPUIPlugin
2026-04-25 22:49:44,024 [INFO] PluginManager:220 - loadIPPluginJar : add can
2026-04-25 22:49:44,026 [INFO] IPUIPlugin:80 - create IPUIPlugin
2026-04-25 22:49:44,026 [INFO] PluginManager:220 - loadIPPluginJar : add comp
2026-04-25 22:49:44,027 [INFO] IPUIPlugin:80 - create IPUIPlugin
2026-04-25 22:49:44,028 [INFO] PluginManager:220 - loadIPPluginJar : add cryp
2026-04-25 22:49:44,029 [INFO] IPUIPlugin:80 - create IPUIPlugin
2026-04-25 22:49:44,029 [INFO] PluginManager:220 - loadIPPluginJar : add ddr_ctrl_phy
2026-04-25 22:49:44,031 [INFO] IPUIPlugin:80 - create IPUIPlugin
2026-04-25 22:49:44,031 [INFO] PluginManager:220 - loadIPPluginJar : add dfsdm
2026-04-25 22:49:44,035 [INFO] IPUIPlugin:80 - create IPUIPlugin
2026-04-25 22:49:44,035 [INFO] PluginManager:220 - loadIPPluginJar : add dma
2026-04-25 22:49:44,037 [INFO] IPUIPlugin:80 - create IPUIPlugin
2026-04-25 22:49:44,037 [INFO] PluginManager:220 - loadIPPluginJar : add dma3
2026-04-25 22:49:44,039 [INFO] IPUIPlugin:80 - create IPUIPlugin
2026-04-25 22:49:44,039 [INFO] PluginManager:220 - loadIPPluginJar : add extmemmanager
2026-04-25 22:49:44,040 [INFO] IPUIPlugin:80 - create IPUIPlugin
2026-04-25 22:49:44,040 [INFO] PluginManager:220 - loadIPPluginJar : add fatfs
2026-04-25 22:49:44,042 [INFO] IPUIPlugin:80 - create IPUIPlugin
2026-04-25 22:49:44,042 [INFO] PluginManager:220 - loadIPPluginJar : add fmc
2026-04-25 22:49:44,046 [INFO] IPUIPlugin:80 - create IPUIPlugin
2026-04-25 22:49:44,046 [INFO] PluginManager:220 - loadIPPluginJar : add freertos
2026-04-25 22:49:44,047 [INFO] IPUIPlugin:80 - create IPUIPlugin
2026-04-25 22:49:44,047 [INFO] PluginManager:220 - loadIPPluginJar : add genericplugin
2026-04-25 22:49:44,048 [INFO] IPUIPlugin:80 - create IPUIPlugin
2026-04-25 22:49:44,048 [INFO] PluginManager:220 - loadIPPluginJar : add gfxmmu
2026-04-25 22:49:44,050 [INFO] IPUIPlugin:80 - create IPUIPlugin
2026-04-25 22:49:44,051 [INFO] PluginManager:220 - loadIPPluginJar : add gic
2026-04-25 22:49:44,052 [INFO] IPUIPlugin:80 - create IPUIPlugin
2026-04-25 22:49:44,053 [INFO] PluginManager:220 - loadIPPluginJar : add gpio
2026-04-25 22:49:44,054 [INFO] IPUIPlugin:80 - create IPUIPlugin
2026-04-25 22:49:44,054 [INFO] PluginManager:220 - loadIPPluginJar : add gtzc
2026-04-25 22:49:44,055 [INFO] IPUIPlugin:80 - create IPUIPlugin
2026-04-25 22:49:44,055 [INFO] PluginManager:220 - loadIPPluginJar : add hash
2026-04-25 22:49:44,057 [INFO] IPUIPlugin:80 - create IPUIPlugin
2026-04-25 22:49:44,057 [INFO] PluginManager:220 - loadIPPluginJar : add i2c
2026-04-25 22:49:44,058 [INFO] IPUIPlugin:80 - create IPUIPlugin
2026-04-25 22:49:44,059 [INFO] PluginManager:220 - loadIPPluginJar : add i2s
2026-04-25 22:49:44,060 [INFO] IPUIPlugin:80 - create IPUIPlugin
2026-04-25 22:49:44,060 [INFO] PluginManager:220 - loadIPPluginJar : add i3c
2026-04-25 22:49:44,062 [INFO] IPUIPlugin:80 - create IPUIPlugin
2026-04-25 22:49:44,063 [INFO] PluginManager:220 - loadIPPluginJar : add ipddr
2026-04-25 22:49:44,067 [INFO] IPUIPlugin:80 - create IPUIPlugin
2026-04-25 22:49:44,067 [INFO] PluginManager:220 - loadIPPluginJar : add linkedlist
2026-04-25 22:49:44,071 [INFO] IPUIPlugin:80 - create IPUIPlugin
2026-04-25 22:49:44,071 [INFO] PluginManager:220 - loadIPPluginJar : add lorawan
2026-04-25 22:49:44,072 [INFO] IPUIPlugin:80 - create IPUIPlugin
2026-04-25 22:49:44,072 [INFO] PluginManager:220 - loadIPPluginJar : add ltdc
2026-04-25 22:49:44,076 [INFO] IPUIPlugin:80 - create IPUIPlugin
2026-04-25 22:49:44,076 [INFO] PluginManager:220 - loadIPPluginJar : add mdma
2026-04-25 22:49:44,079 [INFO] IPUIPlugin:80 - create IPUIPlugin
2026-04-25 22:49:44,079 [INFO] PluginManager:220 - loadIPPluginJar : add nvic
2026-04-25 22:49:44,081 [INFO] IPUIPlugin:80 - create IPUIPlugin
2026-04-25 22:49:44,081 [INFO] PluginManager:220 - loadIPPluginJar : add opamp
2026-04-25 22:49:44,084 [INFO] IPUIPlugin:80 - create IPUIPlugin
2026-04-25 22:49:44,084 [INFO] PluginManager:220 - loadIPPluginJar : add openamp
2026-04-25 22:49:44,087 [INFO] IPUIPlugin:80 - create IPUIPlugin
2026-04-25 22:49:44,087 [INFO] PluginManager:220 - loadIPPluginJar : add pdm2pcm
2026-04-25 22:49:44,092 [INFO] IPUIPlugin:80 - create IPUIPlugin
2026-04-25 22:49:44,095 [INFO] PluginManager:220 - loadIPPluginJar : add plateformsettings
2026-04-25 22:49:44,096 [INFO] IPUIPlugin:80 - create IPUIPlugin
2026-04-25 22:49:44,096 [INFO] PluginManager:220 - loadIPPluginJar : add quadspi
2026-04-25 22:49:44,098 [INFO] IPUIPlugin:80 - create IPUIPlugin
2026-04-25 22:49:44,099 [INFO] PluginManager:220 - loadIPPluginJar : add radio
2026-04-25 22:49:44,102 [INFO] IPUIPlugin:80 - create IPUIPlugin
2026-04-25 22:49:44,103 [INFO] PluginManager:220 - loadIPPluginJar : add resmgrutility
2026-04-25 22:49:44,106 [INFO] IPUIPlugin:80 - create IPUIPlugin
2026-04-25 22:49:44,106 [INFO] PluginManager:220 - loadIPPluginJar : add sai
2026-04-25 22:49:44,109 [INFO] IPUIPlugin:80 - create IPUIPlugin
2026-04-25 22:49:44,109 [INFO] PluginManager:220 - loadIPPluginJar : add spi
2026-04-25 22:49:44,114 [INFO] IPUIPlugin:80 - create IPUIPlugin
2026-04-25 22:49:44,114 [INFO] PluginManager:220 - loadIPPluginJar : add stm32_wpan
2026-04-25 22:49:44,115 [INFO] IPUIPlugin:80 - create IPUIPlugin
2026-04-25 22:49:44,115 [INFO] PluginManager:220 - loadIPPluginJar : add tim
2026-04-25 22:49:44,118 [INFO] IPUIPlugin:80 - create IPUIPlugin
2026-04-25 22:49:44,118 [INFO] PluginManager:220 - loadIPPluginJar : add touchsensing
2026-04-25 22:49:44,121 [INFO] IPUIPlugin:80 - create IPUIPlugin
2026-04-25 22:49:44,121 [INFO] PluginManager:220 - loadIPPluginJar : add tracer_emb
2026-04-25 22:49:44,123 [INFO] IPUIPlugin:80 - create IPUIPlugin
2026-04-25 22:49:44,123 [INFO] PluginManager:220 - loadIPPluginJar : add ts
2026-04-25 22:49:44,124 [INFO] IPUIPlugin:80 - create IPUIPlugin
2026-04-25 22:49:44,124 [INFO] PluginManager:220 - loadIPPluginJar : add tsc
2026-04-25 22:49:44,125 [INFO] IPUIPlugin:80 - create IPUIPlugin
2026-04-25 22:49:44,125 [INFO] PluginManager:220 - loadIPPluginJar : add ucpd
2026-04-25 22:49:44,127 [INFO] IPUIPlugin:80 - create IPUIPlugin
2026-04-25 22:49:44,127 [INFO] PluginManager:220 - loadIPPluginJar : add usart
2026-04-25 22:49:44,129 [INFO] IPUIPlugin:80 - create IPUIPlugin
2026-04-25 22:49:44,129 [INFO] PluginManager:220 - loadIPPluginJar : add usbx
2026-04-25 22:49:44,239 [FATAL] Updater:351 - Updater called before beeing initialized
2026-04-25 22:49:44,265 [INFO] RulesReader:64 - Compatibility file has been processed (317 Rules)
2026-04-25 22:49:44,274 [INFO] RulesReader:64 - Compatibility file has been processed (317 Rules)
2026-04-25 22:49:44,286 [INFO] CADModel:165 - CPN selected for project level
2026-04-25 22:49:44,286 [INFO] CADModel:114 - Register for checkConnection events
2026-04-25 22:49:44,286 [FATAL] Updater:351 - Updater called before beeing initialized
2026-04-25 22:49:44,287 [ERROR] CADModel:125 - Updater not yet initialized, retry later 
2026-04-25 22:49:44,401 [FATAL] Updater:351 - Updater called before beeing initialized
2026-04-25 22:49:44,402 [INFO] CADModel:165 - CPN selected for project level
2026-04-25 22:49:44,402 [INFO] CADModel:114 - Register for checkConnection events
2026-04-25 22:49:44,402 [FATAL] Updater:351 - Updater called before beeing initialized
2026-04-25 22:49:44,402 [ERROR] CADModel:125 - Updater not yet initialized, retry later 
2026-04-25 22:49:44,404 [FATAL] Updater:351 - Updater called before beeing initialized
2026-04-25 22:49:44,480 [FATAL] Updater:351 - Updater called before beeing initialized
2026-04-25 22:49:44,483 [INFO] DbMcusAds:53 - JSON generation date=Thu Mar 05 21:32:52 ICT 2026 (1772721172890)
2026-04-25 22:49:44,483 [FATAL] Updater:351 - Updater called before beeing initialized
2026-04-25 22:49:44,505 [WARN] DetailPanel:346 - Failed to get advertising image, set to default
2026-04-25 22:49:44,562 [FATAL] Updater:351 - Updater called before beeing initialized
2026-04-25 22:49:44,563 [FATAL] Updater:351 - Updater called before beeing initialized
2026-04-25 22:49:44,563 [FATAL] Updater:351 - Updater called before beeing initialized
2026-04-25 22:49:44,564 [WARN] DetailPanel:346 - Failed to get advertising image, set to default
2026-04-25 22:49:44,564 [FATAL] Updater:351 - Updater called before beeing initialized
2026-04-25 22:49:44,591 [ERROR] Updater:1198 - MainUpdater not yet initialized. External WinMGr cannot be set.
2026-04-25 22:49:44,592 [INFO] Updater:1134 - Updater Version found : 6.15.0
2026-04-25 22:49:44,602 [INFO] ApplicationProperties:184 - Using Application install path: C:\ST\STM32CubeIDE_1.19.0\STM32CubeIDE\plugins\com.st.stm32cube.common.mx_6.15.0.202507011659
2026-04-25 22:49:46,168 [ERROR] LogOutputStream:75 - [STDERR_REDIRECT] Apr 25, 2026 10:49:46 PM java.util.prefs.WindowsPreferences <init>
2026-04-25 22:49:46,170 [ERROR] LogOutputStream:75 - [STDERR_REDIRECT] WARNING: Could not open/create prefs root node Software\JavaSoft\Prefs at root 0xffffffff80000002. Windows RegCreateKeyEx(...) returned error code 5.
2026-04-25 22:49:46,170 [ERROR] LogOutputStream:75 - [STDERR_REDIRECT] 
2026-04-25 22:49:46,564 [INFO] MainUpdater:2872 - connection check result : 10
2026-04-25 22:49:46,565 [INFO] MainUpdater:289 - Updater Check For Update Now.
2026-04-25 22:49:46,565 [INFO] MicroXplorer:498 - Change Database Version : DB.6.0.150
2026-04-25 22:49:46,571 [INFO] McuFinderGlobals:63 - Set McuFinder mode to 2 (CubeIDE integrated)
2026-04-25 22:49:46,571 [INFO] UserAuth:487 - Internet connection configuration mode: 1
2026-04-25 22:49:46,608 [INFO] JxBrowserEngine:152 - Initiate JxBrowser Engine with user profile folder
2026-04-25 22:49:46,695 [WARN] MainUpdater:1193 - Updater busy. Cannot search thirdparties
2026-04-25 22:49:46,695 [INFO] ThirdPartyUpdaterWithRetryManager:96 - Updater plugin is busy. [1/15]
2026-04-25 22:49:46,730 [INFO] CheckServerUpdateThread:120 - End of CheckServer Thread
2026-04-25 22:49:47,068 [INFO] WebApp:169 - Instantiating new browser for Auth
2026-04-25 22:49:47,478 [INFO] WebApp:463 - Apply proxy settings
2026-04-25 22:49:47,478 [INFO] WebApp:548 - Chromium requires no authentication
2026-04-25 22:49:47,484 [INFO] WebApp:491 - Direct internet connection detected
2026-04-25 22:49:47,497 [INFO] WebApp:900 - Register for checkConnection events
2026-04-25 22:49:47,497 [INFO] WebApp:463 - Apply proxy settings
2026-04-25 22:49:47,497 [INFO] WebApp:548 - Chromium requires no authentication
2026-04-25 22:49:47,497 [INFO] WebApp:491 - Direct internet connection detected
2026-04-25 22:49:47,577 [INFO] WebApp:225 - Starting web application
2026-04-25 22:49:47,578 [INFO] WebApp:593 - Web application path used C:\ST\STM32CubeIDE_1.19.0\STM32CubeIDE\plugins\com.st.stm32cube.common.mx_6.15.0.202507011659\db\plugins\mcufinder\reactClient1\index.html
2026-04-25 22:49:47,632 [INFO] UserAuth:487 - Internet connection configuration mode: 1
2026-04-25 22:49:47,729 [INFO] WebApp:191 - Connection restablished
2026-04-25 22:49:49,863 [WARN] PackLoader:240 - Cannot read IP mode file for STMicroelectronics.X-CUBE-AZRTOS-H7.3.5.0
2026-04-25 22:49:49,871 [WARN] PackLoader:240 - Cannot read IP mode file for STMicroelectronics.FP-SNS-MOTENVWB1.1.4.0
2026-04-25 22:49:49,875 [WARN] PackLoader:240 - Cannot read IP mode file for STMicroelectronics.FP-ATR-ASTRA1.2.0.2
2026-04-25 22:49:49,884 [WARN] PackLoader:240 - Cannot read IP mode file for STMicroelectronics.X-CUBE-SMBUS.2.1.0
2026-04-25 22:49:49,887 [WARN] PackLoader:240 - Cannot read IP mode file for STMicroelectronics.X-CUBE-ST60.1.0.0
2026-04-25 22:49:49,901 [WARN] PackLoader:240 - Cannot read IP mode file for STMicroelectronics.X-CUBE-AZRTOS-F7.1.1.0
2026-04-25 22:49:49,907 [WARN] PackLoader:240 - Cannot read IP mode file for Cesanta.I-CUBE-Mongoose.7.19.0
2026-04-25 22:49:50,022 [WARN] PackLoader:240 - Cannot read IP mode file for STMicroelectronics.FP-SNS-MOTENV1.5.1.0
2026-04-25 22:49:50,032 [WARN] PackLoader:240 - Cannot read IP mode file for WES.I-CUBE-Cesium.1.4.0
2026-04-25 22:49:50,046 [WARN] PackLoader:240 - Cannot read IP mode file for Infineon.AIROC-Wi-Fi-Bluetooth-STM32.1.7.1
2026-04-25 22:49:50,059 [WARN] PackLoader:240 - Cannot read IP mode file for STMicroelectronics.X-CUBE-AZRTOS-H7.3.4.0
2026-04-25 22:49:50,066 [WARN] PackLoader:240 - Cannot read IP mode file for STMicroelectronics.X-CUBE-DISPLAY.3.0.0
2026-04-25 22:49:50,070 [WARN] PackLoader:240 - Cannot read IP mode file for STMicroelectronics.FP-SNS-MOTENVWB1.1.5.0
2026-04-25 22:49:50,074 [WARN] PackLoader:240 - Cannot read IP mode file for STMicroelectronics.X-CUBE-NFC10.1.0.0
2026-04-25 22:49:50,078 [WARN] PackLoader:240 - Cannot read IP mode file for STMicroelectronics.X-CUBE-ST60.1.1.0
2026-04-25 22:49:50,081 [WARN] PackLoader:240 - Cannot read IP mode file for emotas.I-CUBE-CANOPEN.1.3.0
2026-04-25 22:49:50,085 [WARN] PackLoader:240 - Cannot read IP mode file for STMicroelectronics.X-CUBE-GNSS1.7.1.0
2026-04-25 22:49:50,090 [WARN] PackLoader:240 - Cannot read IP mode file for STMicroelectronics.FP-SNS-STBOX1.2.1.0
2026-04-25 22:49:50,094 [WARN] PackLoader:240 - Cannot read IP mode file for STMicroelectronics.FP-SNS-SMARTAG2.1.2.0
2026-04-25 22:49:50,097 [WARN] PackLoader:240 - Cannot read IP mode file for STMicroelectronics.FP-SNS-FLIGHT1.5.1.0
2026-04-25 22:49:50,102 [INFO] LogOutputStream:77 - [STDOUT_REDIRECT] 1 : Invalid condition id : UX_CORESTACK_Condition cause : null
2026-04-25 22:49:50,104 [INFO] LogOutputStream:77 - [STDOUT_REDIRECT] 1 : Invalid condition id : UX_CORESTACK_Condition cause : null
2026-04-25 22:49:50,105 [INFO] LogOutputStream:77 - [STDOUT_REDIRECT] 1 : Invalid condition id : UX_CORESTACK_Condition cause : null
2026-04-25 22:49:50,106 [INFO] LogOutputStream:77 - [STDOUT_REDIRECT] 1 : Invalid condition id : UX_CORESTACK_Condition cause : null
2026-04-25 22:49:50,107 [INFO] LogOutputStream:77 - [STDOUT_REDIRECT] 1 : Invalid condition id : UX_CORESTACK_Condition cause : null
2026-04-25 22:49:50,109 [WARN] PackLoader:240 - Cannot read IP mode file for STMicroelectronics.X-CUBE-AZRTOS-WL.2.0.0
2026-04-25 22:49:50,113 [WARN] PackLoader:240 - Cannot read IP mode file for STMicroelectronics.FP-SNS-MOTENV1.5.0.0
2026-04-25 22:49:50,123 [WARN] PackLoader:240 - Cannot read IP mode file for STMicroelectronics.X-CUBE-AZRTOS-H7RS.1.2.0
2026-04-25 22:49:50,129 [WARN] PackLoader:240 - Cannot read IP mode file for STMicroelectronics.X-CUBE-BLE2.3.3.0
2026-04-25 22:49:50,147 [WARN] PackLoader:240 - Cannot read IP mode file for Infineon.AIROC-Wi-Fi-Bluetooth-STM32.1.8.0
2026-04-25 22:49:50,155 [WARN] PackLoader:240 - Cannot read IP mode file for STMicroelectronics.X-CUBE-NFC9.1.0.0
2026-04-25 22:49:50,159 [WARN] PackLoader:240 - Cannot read IP mode file for wolfSSL.I-CUBE-wolfSSL.5.8.2
2026-04-25 22:49:50,163 [WARN] PackLoader:240 - Cannot read IP mode file for STMicroelectronics.X-CUBE-BLE1.7.1.0
2026-04-25 22:49:50,165 [WARN] PackLoader:240 - Cannot read IP mode file for wolfSSL.I-CUBE-wolfMQTT.1.19.2
2026-04-25 22:49:50,169 [WARN] PackLoader:240 - Cannot read IP mode file for STMicroelectronics.X-CUBE-FREERTOS.1.4.0
2026-04-25 22:49:50,173 [WARN] PackLoader:240 - Cannot read IP mode file for STMicroelectronics.X-CUBE-EEPRMA1.5.2.0
2026-04-25 22:49:50,176 [WARN] PackLoader:240 - Cannot read IP mode file for wolfSSL.I-CUBE-wolfSSL.5.8.4
2026-04-25 22:49:50,178 [WARN] PackLoader:240 - Cannot read IP mode file for Cesanta.I-CUBE-Mongoose.7.20.0
2026-04-25 22:49:50,181 [WARN] PackLoader:240 - Cannot read IP mode file for STMicroelectronics.X-CUBE-ST67W61.1.1.0
2026-04-25 22:49:50,186 [WARN] PackLoader:240 - Cannot read IP mode file for STMicroelectronics.FP-SNS-STAIOTCFT.1.1.0
2026-04-25 22:49:50,215 [WARN] PackLoader:240 - Cannot read IP mode file for STMicroelectronics.X-CUBE-MEMS1.12.0.0
2026-04-25 22:49:50,292 [WARN] PackLoader:240 - Cannot read IP mode file for STMicroelectronics.X-CUBE-AZRTOS-G0.1.1.0
2026-04-25 22:49:50,297 [WARN] PackLoader:240 - Cannot read IP mode file for STMicroelectronics.X-CUBE-SAFEA1.1.2.2
2026-04-25 22:49:50,301 [WARN] PackLoader:240 - Cannot read IP mode file for STMicroelectronics.X-CUBE-NFC4.3.0.0
2026-04-25 22:49:50,307 [WARN] PackLoader:240 - Cannot read IP mode file for EmbeddedOffice.I-CUBE-FS-RTOS.1.0.1
2026-04-25 22:49:50,310 [WARN] PackLoader:240 - Cannot read IP mode file for STMicroelectronics.X-CUBE-WB05N.2.0.0
2026-04-25 22:49:50,314 [WARN] PackLoader:240 - Cannot read IP mode file for wolfSSL.I-CUBE-wolfTPM.3.8.0
2026-04-25 22:49:50,317 [WARN] PackLoader:240 - Cannot read IP mode file for STMicroelectronics.X-CUBE-TCPP.4.2.0
2026-04-25 22:49:50,322 [WARN] PackLoader:240 - Cannot read IP mode file for RealThread.X-CUBE-RT-Thread_Nano.4.1.1
2026-04-25 22:49:50,324 [WARN] PackLoader:240 - Cannot read IP mode file for STMicroelectronics.FP-ATR-SIGFOX1.3.2.0
2026-04-25 22:49:50,327 [WARN] PackLoader:240 - Cannot read IP mode file for STMicroelectronics.X-CUBE-FREERTOS.1.5.0
2026-04-25 22:49:50,331 [WARN] PackLoader:240 - Cannot read IP mode file for ITTIA_DB.I-CUBE-ITTIADB.8.9.0
2026-04-25 22:49:50,334 [WARN] PackLoader:240 - Cannot read IP mode file for STMicroelectronics.X-CUBE-NFC6.3.2.0
2026-04-25 22:49:50,342 [WARN] PackLoader:240 - Cannot read IP mode file for STMicroelectronics.X-CUBE-ST67W61.1.0.0
2026-04-25 22:49:50,346 [WARN] PackLoader:240 - Cannot read IP mode file for STMicroelectronics.X-CUBE-AI.10.2.0
2026-04-25 22:49:50,358 [WARN] PackLoader:240 - Cannot read IP mode file for SEGGER.I-CUBE-embOS.1.3.1
2026-04-25 22:49:50,384 [WARN] PackLoader:240 - Cannot read IP mode file for STMicroelectronics.X-CUBE-ALGOBUILD.1.4.0
2026-04-25 22:49:50,406 [WARN] PackLoader:240 - Cannot read IP mode file for STMicroelectronics.X-CUBE-MEMS1.11.3.0
2026-04-25 22:49:50,486 [WARN] PackLoader:240 - Cannot read IP mode file for STMicroelectronics.X-CUBE-PM33A1.1.0.0
2026-04-25 22:49:50,497 [WARN] PackLoader:240 - Cannot read IP mode file for STMicroelectronics.X-CUBE-AZRTOS-F4.1.1.0
2026-04-25 22:49:50,501 [WARN] PackLoader:240 - Cannot read IP mode file for STMicroelectronics.X-CUBE-ISPU.2.1.0
2026-04-25 22:49:50,510 [WARN] PackLoader:240 - Cannot read IP mode file for STMicroelectronics.X-CUBE-IPS.3.2.0
2026-04-25 22:49:50,518 [WARN] PackLoader:240 - Cannot read IP mode file for STMicroelectronics.eDS-WB_DPC_TT-BIDIR.2.1.1
2026-04-25 22:49:50,522 [WARN] PackLoader:240 - Cannot read IP mode file for STMicroelectronics.X-CUBE-NFC12.1.0.0
2026-04-25 22:49:50,530 [WARN] PackLoader:240 - Cannot read IP mode file for STMicroelectronics.X-CUBE-AZRTOS-L5.2.0.0
2026-04-25 22:49:50,534 [WARN] PackLoader:240 - Cannot read IP mode file for STMicroelectronics.X-CUBE-NFC6.3.1.0
2026-04-25 22:49:50,537 [WARN] PackLoader:240 - Cannot read IP mode file for STMicroelectronics.eDS-WB_DPC_VIENNA.1.2.0
2026-04-25 22:49:50,540 [WARN] PackLoader:240 - Cannot read IP mode file for STMicroelectronics.eDS-WB_DPC_3PH2L-BIDIR.1.1.1
2026-04-25 22:49:50,544 [ERROR] Engine:466 - C:\Users\Predator\.stm32cubemx\thirdparties\pdsc\STMicroelectronics.X-CUBE-ST67W61.1.3.0.pdsc: PDSC version is not supported
2026-04-25 22:49:50,547 [WARN] PackLoader:240 - Cannot read IP mode file for STMicroelectronics.X-CUBE-FREERTOS.1.3.1
2026-04-25 22:49:50,552 [WARN] PackLoader:240 - Cannot read IP mode file for STMicroelectronics.X-CUBE-TOUCHGFX.4.26.0
2026-04-25 22:49:50,554 [WARN] PackLoader:240 - Cannot read IP mode file for STMicroelectronics.X-CUBE-TOUCHGFX.4.26.1
2026-04-25 22:49:50,556 [WARN] PackLoader:240 - Cannot read IP mode file for STMicroelectronics.FP-SNS-STAIOTCFT.1.0.0
2026-04-25 22:49:50,559 [WARN] PackLoader:240 - Cannot read IP mode file for STMicroelectronics.X-CUBE-DPower.1.3.0
2026-04-25 22:49:50,566 [WARN] ConditionMgr:438 - getConditionDescription Invalid condition id : LAN8742 Phy interface Condition cause : null
2026-04-25 22:49:50,567 [WARN] PackLoader:240 - Cannot read IP mode file for STMicroelectronics.X-CUBE-AZRTOS-L4.2.0.0
2026-04-25 22:49:50,567 [WARN] ConditionMgr:1044 - genDependencies : Invalid condition id : LAN8742 Phy interface Condition cause : null
2026-04-25 22:49:50,568 [WARN] ConditionMgr:1044 - genDependencies : Invalid condition id : LAN8742 Phy interface Condition cause : null
2026-04-25 22:49:50,569 [WARN] ConditionMgr:1044 - genDependencies : Invalid condition id : LAN8742 Phy interface Condition cause : null
2026-04-25 22:49:50,574 [WARN] PackLoader:240 - Cannot read IP mode file for STMicroelectronics.X-CUBE-SFXS2LP1.4.0.0
2026-04-25 22:49:50,577 [WARN] PackLoader:240 - Cannot read IP mode file for STMicroelectronics.X-CUBE-WB05N.2.1.0
2026-04-25 22:49:50,582 [WARN] PackLoader:240 - Cannot read IP mode file for STMicroelectronics.X-CUBE-ST67W61.1.2.0
2026-04-25 22:49:50,588 [WARN] PackLoader:240 - Cannot read IP mode file for STMicroelectronics.X-CUBE-BLEMGR.4.1.0
2026-04-25 22:49:50,596 [WARN] ConditionMgr:438 - getConditionDescription Invalid condition id : UX DEVICE CLASS RTOS Condition cause : null
2026-04-25 22:49:50,596 [WARN] ConditionMgr:438 - getConditionDescription Invalid condition id : UX DEVICE CLASS RTOS Condition cause : null
2026-04-25 22:49:50,597 [WARN] PackLoader:240 - Cannot read IP mode file for STMicroelectronics.X-CUBE-AZRTOS-WB.2.0.0
2026-04-25 22:49:50,597 [WARN] ConditionMgr:1044 - genDependencies : Invalid condition id : UX DEVICE CLASS RTOS Condition cause : null
2026-04-25 22:49:50,597 [WARN] ConditionMgr:1044 - genDependencies : Invalid condition id : UX DEVICE CLASS RTOS Condition cause : null
2026-04-25 22:49:50,597 [WARN] ConditionMgr:1044 - genDependencies : Invalid condition id : UX DEVICE CLASS RTOS Condition cause : null
2026-04-25 22:49:50,597 [WARN] ConditionMgr:1044 - genDependencies : Invalid condition id : UX DEVICE CLASS RTOS Condition cause : null
2026-04-25 22:49:50,598 [WARN] ConditionMgr:1044 - genDependencies : Invalid condition id : UX DEVICE CLASS RTOS Condition cause : null
2026-04-25 22:49:50,601 [WARN] PackLoader:240 - Cannot read IP mode file for STMicroelectronics.X-CUBE-GNSS1.7.0.1
2026-04-25 22:49:50,604 [WARN] ConditionMgr:438 - getConditionDescription Invalid condition id : Cortex-A Device cause : null
2026-04-25 22:49:50,609 [WARN] ConditionMgr:1044 - genDependencies : Invalid condition id : Cortex-A Device cause : null
2026-04-25 22:49:50,609 [WARN] ConditionMgr:1044 - genDependencies : Invalid condition id : Cortex-A Device cause : null
2026-04-25 22:49:50,609 [WARN] ConditionMgr:1044 - genDependencies : Invalid condition id : Cortex-A Device cause : null
2026-04-25 22:49:50,613 [WARN] PackLoader:240 - Cannot read IP mode file for STMicroelectronics.X-CUBE-STSE01.2.0.0
2026-04-25 22:49:50,619 [WARN] PackLoader:240 - Cannot read IP mode file for STMicroelectronics.X-CUBE-SUBG2.5.0.0
2026-04-25 22:49:50,628 [WARN] PackLoader:240 - Cannot read IP mode file for STMicroelectronics.X-CUBE-AZRTOS-H7RS.1.1.0
2026-04-25 22:49:50,636 [WARN] PackLoader:240 - Cannot read IP mode file for STMicroelectronics.X-CUBE-AZRTOS-G4.2.0.0
2026-04-25 22:49:50,639 [WARN] PackLoader:240 - Cannot read IP mode file for wolfSSL.I-CUBE-wolfSSH.1.4.20
2026-04-25 22:49:50,642 [WARN] PackLoader:240 - Cannot read IP mode file for STMicroelectronics.X-CUBE-NFC7.2.0.0
2026-04-25 22:49:50,648 [WARN] PackLoader:240 - Cannot read IP mode file for STMicroelectronics.X-CUBE-IPS.3.1.0
2026-04-25 22:49:50,654 [WARN] PackLoader:240 - Cannot read IP mode file for STMicroelectronics.X-CUBE-ALS.1.0.2
2026-04-25 22:49:50,657 [WARN] PackLoader:240 - Cannot read IP mode file for STMicroelectronics.X-CUBE-STSE01.1.0.0
2026-04-25 22:49:50,685 [WARN] PackLoader:240 - Cannot read IP mode file for STMicroelectronics.X-CUBE-TOF1.3.4.3
2026-04-25 22:49:50,695 [INFO] ThirdParty:978 - Integrity check success = true
2026-04-25 22:49:50,696 [INFO] IntegrityCheckThread:100 - exiting critical section [integrity check]
2026-04-25 22:49:50,696 [INFO] IntegrityCheckThread:103 - End integrity checks thread
2026-04-25 22:50:02,822 [ERROR] LogOutputStream:75 - [STDERR_REDIRECT] 
